#
# There is insufficient memory for the Java Runtime Environment to continue.
# Native memory allocation (malloc) failed to allocate 934096 bytes for Chunk::new
# Possible reasons:
#   The system is out of physical RAM or swap space
#   The process is running with CompressedOops enabled, and the Java Heap may be blocking the growth of the native heap
# Possible solutions:
#   Reduce memory load on the system
#   Increase physical memory or swap space
#   Check if swap backing store is full
#   Decrease Java heap size (-Xmx/-Xms)
#   Decrease number of Java threads
#   Decrease Java thread stack sizes (-Xss)
#   Set larger code cache with -XX:ReservedCodeCacheSize=
#   JVM is running with Unscaled Compressed Oops mode in which the Java heap is
#     placed in the first 4GB address space. The Java Heap base address is the
#     maximum limit for the native heap growth. Please use -XX:HeapBaseMinAddress
#     to set the Java Heap base and to place the Java Heap above 4GB virtual address.
# This output file may be truncated or incomplete.
#
#  Out of Memory Error (./src/hotspot/share/memory/arena.cpp:197), pid=11176, tid=14376
#
# JRE version: OpenJDK Runtime Environment (11.0.13) (build 11.0.13+0-b1751.21-8125866)
# Java VM: OpenJDK 64-Bit Server VM (11.0.13+0-b1751.21-8125866, mixed mode, tiered, compressed oops, g1 gc, windows-amd64)
# No core dump will be written. Minidumps are not enabled by default on client versions of Windows
#

---------------  S U M M A R Y ------------

Command Line: --add-opens=java.base/java.util=ALL-UNNAMED --add-opens=java.base/java.lang=ALL-UNNAMED --add-opens=java.base/java.lang.invoke=ALL-UNNAMED --add-opens=java.base/java.util=ALL-UNNAMED --add-opens=java.prefs/java.util.prefs=ALL-UNNAMED --add-opens=java.prefs/java.util.prefs=ALL-UNNAMED --add-opens=java.base/java.nio.charset=ALL-UNNAMED --add-opens=java.base/java.net=ALL-UNNAMED --add-opens=java.base/java.util.concurrent.atomic=ALL-UNNAMED -Xmx2048m -Dfile.encoding=UTF-8 -Duser.country=PE -Duser.language=es -Duser.variant org.gradle.launcher.daemon.bootstrap.GradleDaemon 7.4

Host: Intel(R) Core(TM) i7-7500U CPU @ 2.70GHz, 4 cores, 7G,  Windows 10 , 64 bit Build 18362 (10.0.18362.329)
Time: Sat May 20 23:39:56 2023 Hora est. Pacífico, Sudamérica elapsed time: 49.257826 seconds (0d 0h 0m 49s)

---------------  T H R E A D  ---------------

Current thread (0x0000019428764000):  JavaThread "C2 CompilerThread0" daemon [_thread_in_native, id=14376, stack(0x0000004332c00000,0x0000004332d00000)]


Current CompileTask:
C2:  49258 15753       4       com.android.tools.r8.internal.As::a (990 bytes)

Stack: [0x0000004332c00000,0x0000004332d00000]
Native frames: (J=compiled Java code, j=interpreted, Vv=VM code, C=native code)
V  [jvm.dll+0x6100fa]
V  [jvm.dll+0x747090]
V  [jvm.dll+0x7486ad]
V  [jvm.dll+0x748d83]
V  [jvm.dll+0x24ab48]
V  [jvm.dll+0xc04dc]
V  [jvm.dll+0xc0a0c]
V  [jvm.dll+0x35eb5b]
V  [jvm.dll+0x32b833]
V  [jvm.dll+0x32ad2a]
V  [jvm.dll+0x2032b2]
V  [jvm.dll+0x202437]
V  [jvm.dll+0x188e01]
V  [jvm.dll+0x21106b]
V  [jvm.dll+0x20f8c1]
V  [jvm.dll+0x70de0f]
V  [jvm.dll+0x706a75]
V  [jvm.dll+0x60ed66]
C  [ucrtbase.dll+0x20e72]
C  [KERNEL32.DLL+0x17bd4]
C  [ntdll.dll+0x6ced1]


---------------  P R O C E S S  ---------------

Threads class SMR info:
_java_thread_list=0x0000019431ae97b0, length=89, elements={
0x000001940eb1e000, 0x0000019428740800, 0x000001942874a000, 0x000001942875c000,
0x000001942875d000, 0x000001942875e800, 0x0000019428764000, 0x0000019428767000,
0x0000019428779000, 0x0000019429232800, 0x000001942ac6e000, 0x000001942b159800,
0x000001942a935000, 0x000001942a830800, 0x000001942b215800, 0x000001942a464000,
0x000001942a465000, 0x000001942a7b3000, 0x0000019429f1e000, 0x0000019429f1f000,
0x000001942b662800, 0x000001942b660800, 0x000001942b666000, 0x000001942b667000,
0x000001942b664800, 0x000001942b662000, 0x000001942b663800, 0x000001942b661000,
0x000001942b665000, 0x000001942d080800, 0x000001942d07f800, 0x000001942d084800,
0x000001942d081000, 0x000001942d083800, 0x000001942d083000, 0x000001942d07f000,
0x000001942d088800, 0x000001942d089800, 0x000001942d087000, 0x000001942d085800,
0x000001942d08b000, 0x000001942d08a000, 0x000001942d08c000, 0x000001942d086000,
0x000001942d08c800, 0x000001942d08d800, 0x000001942d088000, 0x000001942d908000,
0x000001942d90a000, 0x000001942d90a800, 0x000001942d906000, 0x000001942d90c800,
0x000001942d909000, 0x000001942d906800, 0x000001942d90b800, 0x000001942d907800,
0x000001942d910800, 0x000001942d90f000, 0x000001942d90f800, 0x000001942d90d000,
0x000001942d90e000, 0x000001942d911000, 0x000001942d912000, 0x000001942d913000,
0x000001942d913800, 0x000001942d914800, 0x000001942dd85000, 0x000001942dd84000,
0x000001942dd87800, 0x000001942dd88000, 0x000001942dd86800, 0x000001942dd8a800,
0x000001942dd89000, 0x000001942dd8b800, 0x000001942dd8a000, 0x000001942dd85800,
0x000001942dd91000, 0x000001942dd8c800, 0x000001942dd93000, 0x000001942dd8d000,
0x000001942dd90800, 0x000001942dd8e000, 0x000001942dd8e800, 0x000001942dd8f800,
0x000001942bc3f000, 0x000001942bc40000, 0x000001942bc41800, 0x000001942bc43000,
0x000001942bc44000
}

Java Threads: ( => current thread )
  0x000001940eb1e000 JavaThread "main" [_thread_blocked, id=7364, stack(0x0000004332000000,0x0000004332100000)]
  0x0000019428740800 JavaThread "Reference Handler" daemon [_thread_blocked, id=14604, stack(0x0000004332700000,0x0000004332800000)]
  0x000001942874a000 JavaThread "Finalizer" daemon [_thread_blocked, id=7704, stack(0x0000004332800000,0x0000004332900000)]
  0x000001942875c000 JavaThread "Signal Dispatcher" daemon [_thread_blocked, id=11360, stack(0x0000004332900000,0x0000004332a00000)]
  0x000001942875d000 JavaThread "Attach Listener" daemon [_thread_blocked, id=2656, stack(0x0000004332a00000,0x0000004332b00000)]
  0x000001942875e800 JavaThread "Service Thread" daemon [_thread_blocked, id=15152, stack(0x0000004332b00000,0x0000004332c00000)]
=>0x0000019428764000 JavaThread "C2 CompilerThread0" daemon [_thread_in_native, id=14376, stack(0x0000004332c00000,0x0000004332d00000)]
  0x0000019428767000 JavaThread "C1 CompilerThread0" daemon [_thread_in_vm, id=6208, stack(0x0000004332d00000,0x0000004332e00000)]
  0x0000019428779000 JavaThread "Sweeper thread" daemon [_thread_blocked, id=4480, stack(0x0000004332e00000,0x0000004332f00000)]
  0x0000019429232800 JavaThread "Common-Cleaner" daemon [_thread_blocked, id=14164, stack(0x0000004332f00000,0x0000004333000000)]
  0x000001942ac6e000 JavaThread "Daemon health stats" [_thread_blocked, id=8892, stack(0x0000004333300000,0x0000004333400000)]
  0x000001942b159800 JavaThread "Incoming local TCP Connector on port 50307" [_thread_in_native, id=7296, stack(0x0000004333400000,0x0000004333500000)]
  0x000001942a935000 JavaThread "Daemon periodic checks" [_thread_blocked, id=9760, stack(0x0000004333500000,0x0000004333600000)]
  0x000001942a830800 JavaThread "Daemon" [_thread_blocked, id=12740, stack(0x0000004333600000,0x0000004333700000)]
  0x000001942b215800 JavaThread "Handler for socket connection from /127.0.0.1:50307 to /127.0.0.1:50308" [_thread_in_native, id=10496, stack(0x0000004333700000,0x0000004333800000)]
  0x000001942a464000 JavaThread "Cancel handler" [_thread_blocked, id=14076, stack(0x0000004333800000,0x0000004333900000)]
  0x000001942a465000 JavaThread "Daemon worker" [_thread_blocked, id=12128, stack(0x0000004333900000,0x0000004333a00000)]
  0x000001942a7b3000 JavaThread "Asynchronous log dispatcher for DefaultDaemonConnection: socket connection from /127.0.0.1:50307 to /127.0.0.1:50308" [_thread_blocked, id=6548, stack(0x0000004333a00000,0x0000004333b00000)]
  0x0000019429f1e000 JavaThread "Stdin handler" [_thread_blocked, id=13132, stack(0x0000004333b00000,0x0000004333c00000)]
  0x0000019429f1f000 JavaThread "Daemon client event forwarder" [_thread_blocked, id=4408, stack(0x0000004333c00000,0x0000004333d00000)]
  0x000001942b662800 JavaThread "Cache worker for journal cache (C:\Users\Asus\.gradle\caches\journal-1)" [_thread_blocked, id=13884, stack(0x0000004333e00000,0x0000004333f00000)]
  0x000001942b660800 JavaThread "File lock request listener" [_thread_in_native, id=14480, stack(0x0000004333f00000,0x0000004334000000)]
  0x000001942b666000 JavaThread "Cache worker for file hash cache (C:\Users\Asus\.gradle\caches\7.4\fileHashes)" [_thread_blocked, id=3132, stack(0x0000004334000000,0x0000004334100000)]
  0x000001942b667000 JavaThread "File watcher server" daemon [_thread_in_native, id=14664, stack(0x0000004334100000,0x0000004334200000)]
  0x000001942b664800 JavaThread "File watcher consumer" daemon [_thread_blocked, id=12340, stack(0x0000004334200000,0x0000004334300000)]
  0x000001942b662000 JavaThread "Cache worker for checksums cache (C:\Users\Asus\AndroidStudioProjects\CRUD_Jetpack_Compose\.gradle\7.4\checksums)" [_thread_blocked, id=14292, stack(0x0000004334300000,0x0000004334400000)]
  0x000001942b663800 JavaThread "Cache worker for cache directory md-rule (C:\Users\Asus\.gradle\caches\7.4\md-rule)" [_thread_blocked, id=10636, stack(0x0000004334400000,0x0000004334500000)]
  0x000001942b661000 JavaThread "Cache worker for file hash cache (C:\Users\Asus\AndroidStudioProjects\CRUD_Jetpack_Compose\.gradle\7.4\fileHashes)" [_thread_blocked, id=7600, stack(0x0000004334500000,0x0000004334600000)]
  0x000001942b665000 JavaThread "Cache worker for cache directory md-supplier (C:\Users\Asus\.gradle\caches\7.4\md-supplier)" [_thread_blocked, id=3476, stack(0x0000004334600000,0x0000004334700000)]
  0x000001942d080800 JavaThread "Cache worker for execution history cache (C:\Users\Asus\.gradle\caches\7.4\executionHistory)" [_thread_blocked, id=12100, stack(0x0000004334700000,0x0000004334800000)]
  0x000001942d07f800 JavaThread "jar transforms" [_thread_blocked, id=9876, stack(0x0000004334800000,0x0000004334900000)]
  0x000001942d084800 JavaThread "Cache worker for file content cache (C:\Users\Asus\.gradle\caches\7.4\fileContent)" [_thread_blocked, id=14764, stack(0x0000004334900000,0x0000004334a00000)]
  0x000001942d081000 JavaThread "jar transforms Thread 2" [_thread_blocked, id=13704, stack(0x0000004334a00000,0x0000004334b00000)]
  0x000001942d083800 JavaThread "Cache worker for dependencies-accessors (C:\Users\Asus\AndroidStudioProjects\CRUD_Jetpack_Compose\.gradle\7.4\dependencies-accessors)" [_thread_blocked, id=9708, stack(0x0000004334b00000,0x0000004334c00000)]
  0x000001942d083000 JavaThread "jar transforms Thread 3" [_thread_blocked, id=7596, stack(0x0000004334c00000,0x0000004334d00000)]
  0x000001942d07f000 JavaThread "Cache worker for Build Output Cleanup Cache (C:\Users\Asus\AndroidStudioProjects\CRUD_Jetpack_Compose\.gradle\buildOutputCleanup)" [_thread_blocked, id=14648, stack(0x0000004334d00000,0x0000004334e00000)]
  0x000001942d088800 JavaThread "Unconstrained build operations" [_thread_blocked, id=3584, stack(0x0000004334e00000,0x0000004334f00000)]
  0x000001942d089800 JavaThread "Unconstrained build operations Thread 2" [_thread_blocked, id=10104, stack(0x0000004334f00000,0x0000004335000000)]
  0x000001942d087000 JavaThread "Unconstrained build operations Thread 3" [_thread_blocked, id=10824, stack(0x0000004335000000,0x0000004335100000)]
  0x000001942d085800 JavaThread "Unconstrained build operations Thread 4" [_thread_blocked, id=10016, stack(0x0000004335100000,0x0000004335200000)]
  0x000001942d08b000 JavaThread "Unconstrained build operations Thread 5" [_thread_blocked, id=10428, stack(0x0000004335200000,0x0000004335300000)]
  0x000001942d08a000 JavaThread "Unconstrained build operations Thread 6" [_thread_blocked, id=2684, stack(0x0000004335300000,0x0000004335400000)]
  0x000001942d08c000 JavaThread "Unconstrained build operations Thread 7" [_thread_blocked, id=1836, stack(0x0000004335400000,0x0000004335500000)]
  0x000001942d086000 JavaThread "Unconstrained build operations Thread 8" [_thread_blocked, id=10804, stack(0x0000004335500000,0x0000004335600000)]
  0x000001942d08c800 JavaThread "Unconstrained build operations Thread 9" [_thread_blocked, id=15256, stack(0x0000004335600000,0x0000004335700000)]
  0x000001942d08d800 JavaThread "Unconstrained build operations Thread 10" [_thread_blocked, id=3992, stack(0x0000004335700000,0x0000004335800000)]
  0x000001942d088000 JavaThread "Unconstrained build operations Thread 11" [_thread_blocked, id=6412, stack(0x0000004335800000,0x0000004335900000)]
  0x000001942d908000 JavaThread "Unconstrained build operations Thread 12" [_thread_in_Java, id=9828, stack(0x0000004335900000,0x0000004335a00000)]
  0x000001942d90a000 JavaThread "Unconstrained build operations Thread 13" [_thread_blocked, id=14396, stack(0x0000004335a00000,0x0000004335b00000)]
  0x000001942d90a800 JavaThread "Unconstrained build operations Thread 14" [_thread_blocked, id=11800, stack(0x0000004335b00000,0x0000004335c00000)]
  0x000001942d906000 JavaThread "Unconstrained build operations Thread 15" [_thread_blocked, id=5176, stack(0x0000004335c00000,0x0000004335d00000)]
  0x000001942d90c800 JavaThread "Unconstrained build operations Thread 16" [_thread_blocked, id=14524, stack(0x0000004335d00000,0x0000004335e00000)]
  0x000001942d909000 JavaThread "Unconstrained build operations Thread 17" [_thread_blocked, id=3348, stack(0x0000004335e00000,0x0000004335f00000)]
  0x000001942d906800 JavaThread "Unconstrained build operations Thread 18" [_thread_blocked, id=14656, stack(0x0000004335f00000,0x0000004336000000)]
  0x000001942d90b800 JavaThread "Unconstrained build operations Thread 19" [_thread_in_vm, id=6408, stack(0x0000004336000000,0x0000004336100000)]
  0x000001942d907800 JavaThread "Unconstrained build operations Thread 20" [_thread_blocked, id=4500, stack(0x0000004336100000,0x0000004336200000)]
  0x000001942d910800 JavaThread "Unconstrained build operations Thread 21" [_thread_blocked, id=14316, stack(0x0000004336200000,0x0000004336300000)]
  0x000001942d90f000 JavaThread "Unconstrained build operations Thread 22" [_thread_blocked, id=5764, stack(0x0000004336300000,0x0000004336400000)]
  0x000001942d90f800 JavaThread "Unconstrained build operations Thread 23" [_thread_blocked, id=11056, stack(0x0000004336400000,0x0000004336500000)]
  0x000001942d90d000 JavaThread "Unconstrained build operations Thread 24" [_thread_blocked, id=14848, stack(0x0000004336500000,0x0000004336600000)]
  0x000001942d90e000 JavaThread "Unconstrained build operations Thread 25" [_thread_blocked, id=10312, stack(0x0000004336600000,0x0000004336700000)]
  0x000001942d911000 JavaThread "Unconstrained build operations Thread 26" [_thread_blocked, id=10924, stack(0x0000004336700000,0x0000004336800000)]
  0x000001942d912000 JavaThread "Unconstrained build operations Thread 27" [_thread_blocked, id=9148, stack(0x0000004336800000,0x0000004336900000)]
  0x000001942d913000 JavaThread "Unconstrained build operations Thread 28" [_thread_blocked, id=9848, stack(0x0000004336900000,0x0000004336a00000)]
  0x000001942d913800 JavaThread "Unconstrained build operations Thread 29" [_thread_blocked, id=8652, stack(0x0000004336a00000,0x0000004336b00000)]
  0x000001942d914800 JavaThread "Unconstrained build operations Thread 30" [_thread_blocked, id=2348, stack(0x0000004336b00000,0x0000004336c00000)]
  0x000001942dd85000 JavaThread "Unconstrained build operations Thread 31" [_thread_blocked, id=11100, stack(0x0000004336c00000,0x0000004336d00000)]
  0x000001942dd84000 JavaThread "Unconstrained build operations Thread 32" [_thread_blocked, id=1484, stack(0x0000004336d00000,0x0000004336e00000)]
  0x000001942dd87800 JavaThread "Unconstrained build operations Thread 33" [_thread_in_vm, id=12844, stack(0x0000004336e00000,0x0000004336f00000)]
  0x000001942dd88000 JavaThread "Unconstrained build operations Thread 34" [_thread_blocked, id=14748, stack(0x0000004336f00000,0x0000004337000000)]
  0x000001942dd86800 JavaThread "Unconstrained build operations Thread 35" [_thread_blocked, id=8512, stack(0x0000004337000000,0x0000004337100000)]
  0x000001942dd8a800 JavaThread "Unconstrained build operations Thread 36" [_thread_blocked, id=3484, stack(0x0000004337100000,0x0000004337200000)]
  0x000001942dd89000 JavaThread "Unconstrained build operations Thread 37" [_thread_blocked, id=6012, stack(0x0000004337200000,0x0000004337300000)]
  0x000001942dd8b800 JavaThread "Unconstrained build operations Thread 38" [_thread_blocked, id=14984, stack(0x0000004337300000,0x0000004337400000)]
  0x000001942dd8a000 JavaThread "Unconstrained build operations Thread 39" [_thread_blocked, id=1256, stack(0x0000004337400000,0x0000004337500000)]
  0x000001942dd85800 JavaThread "Unconstrained build operations Thread 40" [_thread_blocked, id=6900, stack(0x0000004337500000,0x0000004337600000)]
  0x000001942dd91000 JavaThread "jar transforms Thread 4" [_thread_blocked, id=7972, stack(0x0000004337600000,0x0000004337700000)]
  0x000001942dd8c800 JavaThread "Memory manager" [_thread_blocked, id=9024, stack(0x0000004337700000,0x0000004337800000)]
  0x000001942dd93000 JavaThread "build event listener" [_thread_blocked, id=15128, stack(0x0000004337800000,0x0000004337900000)]
  0x000001942dd8d000 JavaThread "build event listener" [_thread_blocked, id=8940, stack(0x0000004337900000,0x0000004337a00000)]
  0x000001942dd90800 JavaThread "included builds" [_thread_in_Java, id=13996, stack(0x0000004337a00000,0x0000004337b00000)]
  0x000001942dd8e000 JavaThread "Execution worker for ':'" [_thread_blocked, id=10868, stack(0x0000004337b00000,0x0000004337c00000)]
  0x000001942dd8e800 JavaThread "Execution worker for ':' Thread 2" [_thread_blocked, id=14840, stack(0x0000004337c00000,0x0000004337d00000)]
  0x000001942dd8f800 JavaThread "Execution worker for ':' Thread 3" [_thread_blocked, id=13008, stack(0x0000004337d00000,0x0000004337e00000)]
  0x000001942bc3f000 JavaThread "Cache worker for execution history cache (C:\Users\Asus\AndroidStudioProjects\CRUD_Jetpack_Compose\.gradle\7.4\executionHistory)" [_thread_blocked, id=14364, stack(0x0000004337e00000,0x0000004337f00000)]
  0x000001942bc40000 JavaThread "WorkerExecutor Queue" [_thread_blocked, id=10356, stack(0x0000004337f00000,0x0000004338000000)]
  0x000001942bc41800 JavaThread "WorkerExecutor Queue Thread 3" [_thread_blocked, id=15048, stack(0x0000004338100000,0x0000004338200000)]
  0x000001942bc43000 JavaThread "WorkerExecutor Queue Thread 4" [_thread_blocked, id=12084, stack(0x0000004338200000,0x0000004338300000)]
  0x000001942bc44000 JavaThread "WorkerExecutor Queue Thread 5" [_thread_blocked, id=9580, stack(0x0000004338500000,0x0000004338600000)]

Other Threads:
  0x000001942873c800 VMThread "VM Thread" [stack: 0x0000004332600000,0x0000004332700000] [id=13944]
  0x0000019429255800 WatcherThread [stack: 0x0000004333000000,0x0000004333100000] [id=1792]
  0x000001940eb37800 GCTaskThread "GC Thread#0" [stack: 0x0000004332100000,0x0000004332200000] [id=6772]
  0x0000019429b7f800 GCTaskThread "GC Thread#1" [stack: 0x0000004333100000,0x0000004333200000] [id=4868]
  0x0000019429b04000 GCTaskThread "GC Thread#2" [stack: 0x0000004333200000,0x0000004333300000] [id=8576]
  0x000001942b451800 GCTaskThread "GC Thread#3" [stack: 0x0000004333d00000,0x0000004333e00000] [id=5940]
  0x000001940eb68000 ConcurrentGCThread "G1 Main Marker" [stack: 0x0000004332200000,0x0000004332300000] [id=14188]
  0x000001940eb6a800 ConcurrentGCThread "G1 Conc#0" [stack: 0x0000004332300000,0x0000004332400000] [id=10328]
  0x0000019428590800 ConcurrentGCThread "G1 Refine#0" [stack: 0x0000004332400000,0x0000004332500000] [id=14052]
  0x0000019428591800 ConcurrentGCThread "G1 Young RemSet Sampling" [stack: 0x0000004332500000,0x0000004332600000] [id=12856]

Threads with active compile tasks:
C2 CompilerThread0  49358 15753       4       com.android.tools.r8.internal.As::a (990 bytes)
C1 CompilerThread0  49358 16006 %     3       com.android.tools.r8.ir.regalloc.b::c @ 2070 (4031 bytes)

VM state:not at safepoint (normal execution)

VM Mutex/Monitor currently owned by a thread: None

Heap address: 0x0000000080000000, size: 2048 MB, Compressed Oops mode: 32-bit
Narrow klass base: 0x0000000000000000, Narrow klass shift: 3
Compressed class space size: 1073741824 Address: 0x0000000100000000

Heap:
 garbage-first heap   total 157696K, used 132686K [0x0000000080000000, 0x0000000100000000)
  region size 1024K, 42 young (43008K), 6 survivors (6144K)
 Metaspace       used 119278K, capacity 122188K, committed 122448K, reserved 1177600K
  class space    used 15073K, capacity 16222K, committed 16288K, reserved 1048576K
Heap Regions: E=young(eden), S=young(survivor), O=old, HS=humongous(starts), HC=humongous(continues), CS=collection set, F=free, A=archive, TAMS=top-at-mark-start (previous, next)
|   0|0x0000000080000000, 0x0000000080100000, 0x0000000080100000|100%|HS|  |TAMS 0x0000000080100000, 0x0000000080000000| Complete 
|   1|0x0000000080100000, 0x0000000080200000, 0x0000000080200000|100%|HC|  |TAMS 0x0000000080200000, 0x0000000080100000| Complete 
|   2|0x0000000080200000, 0x0000000080300000, 0x0000000080300000|100%|HC|  |TAMS 0x0000000080300000, 0x0000000080200000| Complete 
|   3|0x0000000080300000, 0x0000000080400000, 0x0000000080400000|100%| O|  |TAMS 0x0000000080400000, 0x0000000080300000| Untracked 
|   4|0x0000000080400000, 0x0000000080500000, 0x0000000080500000|100%| O|  |TAMS 0x0000000080500000, 0x0000000080400000| Untracked 
|   5|0x0000000080500000, 0x0000000080600000, 0x0000000080600000|100%| O|  |TAMS 0x0000000080600000, 0x0000000080500000| Untracked 
|   6|0x0000000080600000, 0x0000000080700000, 0x0000000080700000|100%| O|  |TAMS 0x0000000080700000, 0x0000000080600000| Untracked 
|   7|0x0000000080700000, 0x0000000080800000, 0x0000000080800000|100%| O|  |TAMS 0x0000000080800000, 0x0000000080700000| Untracked 
|   8|0x0000000080800000, 0x0000000080900000, 0x0000000080900000|100%| O|  |TAMS 0x0000000080900000, 0x0000000080800000| Untracked 
|   9|0x0000000080900000, 0x0000000080a00000, 0x0000000080a00000|100%| O|  |TAMS 0x0000000080a00000, 0x0000000080900000| Untracked 
|  10|0x0000000080a00000, 0x0000000080b00000, 0x0000000080b00000|100%| O|  |TAMS 0x0000000080b00000, 0x0000000080a00000| Untracked 
|  11|0x0000000080b00000, 0x0000000080c00000, 0x0000000080c00000|100%| O|  |TAMS 0x0000000080c00000, 0x0000000080b00000| Untracked 
|  12|0x0000000080c00000, 0x0000000080d00000, 0x0000000080d00000|100%| O|  |TAMS 0x0000000080d00000, 0x0000000080c00000| Untracked 
|  13|0x0000000080d00000, 0x0000000080e00000, 0x0000000080e00000|100%| O|  |TAMS 0x0000000080e00000, 0x0000000080d00000| Untracked 
|  14|0x0000000080e00000, 0x0000000080f00000, 0x0000000080f00000|100%| O|  |TAMS 0x0000000080f00000, 0x0000000080e00000| Untracked 
|  15|0x0000000080f00000, 0x0000000081000000, 0x0000000081000000|100%| O|  |TAMS 0x0000000081000000, 0x0000000080f00000| Untracked 
|  16|0x0000000081000000, 0x0000000081100000, 0x0000000081100000|100%|HS|  |TAMS 0x0000000081100000, 0x0000000081000000| Complete 
|  17|0x0000000081100000, 0x0000000081200000, 0x0000000081200000|100%| O|  |TAMS 0x0000000081200000, 0x0000000081100000| Untracked 
|  18|0x0000000081200000, 0x0000000081300000, 0x0000000081300000|100%| O|  |TAMS 0x0000000081300000, 0x0000000081200000| Untracked 
|  19|0x0000000081300000, 0x0000000081400000, 0x0000000081400000|100%| O|  |TAMS 0x0000000081400000, 0x0000000081300000| Untracked 
|  20|0x0000000081400000, 0x0000000081500000, 0x0000000081500000|100%| O|  |TAMS 0x0000000081500000, 0x0000000081400000| Untracked 
|  21|0x0000000081500000, 0x0000000081600000, 0x0000000081600000|100%| O|  |TAMS 0x0000000081600000, 0x0000000081500000| Untracked 
|  22|0x0000000081600000, 0x0000000081700000, 0x0000000081700000|100%| O|  |TAMS 0x0000000081700000, 0x0000000081600000| Untracked 
|  23|0x0000000081700000, 0x0000000081800000, 0x0000000081800000|100%| O|  |TAMS 0x0000000081800000, 0x0000000081700000| Untracked 
|  24|0x0000000081800000, 0x0000000081900000, 0x0000000081900000|100%| O|  |TAMS 0x0000000081900000, 0x0000000081800000| Untracked 
|  25|0x0000000081900000, 0x0000000081a00000, 0x0000000081a00000|100%| O|  |TAMS 0x0000000081a00000, 0x0000000081900000| Untracked 
|  26|0x0000000081a00000, 0x0000000081b00000, 0x0000000081b00000|100%| O|  |TAMS 0x0000000081b00000, 0x0000000081a00000| Untracked 
|  27|0x0000000081b00000, 0x0000000081c00000, 0x0000000081c00000|100%| O|  |TAMS 0x0000000081c00000, 0x0000000081b00000| Untracked 
|  28|0x0000000081c00000, 0x0000000081d00000, 0x0000000081d00000|100%|HS|  |TAMS 0x0000000081d00000, 0x0000000081c00000| Complete 
|  29|0x0000000081d00000, 0x0000000081e00000, 0x0000000081e00000|100%|HS|  |TAMS 0x0000000081e00000, 0x0000000081d00000| Complete 
|  30|0x0000000081e00000, 0x0000000081f00000, 0x0000000081f00000|100%|HS|  |TAMS 0x0000000081f00000, 0x0000000081e00000| Complete 
|  31|0x0000000081f00000, 0x0000000082000000, 0x0000000082000000|100%|HC|  |TAMS 0x0000000082000000, 0x0000000081f00000| Complete 
|  32|0x0000000082000000, 0x0000000082100000, 0x0000000082100000|100%|HC|  |TAMS 0x0000000082100000, 0x0000000082000000| Complete 
|  33|0x0000000082100000, 0x0000000082200000, 0x0000000082200000|100%| O|  |TAMS 0x0000000082200000, 0x0000000082100000| Untracked 
|  34|0x0000000082200000, 0x0000000082300000, 0x0000000082300000|100%|HS|  |TAMS 0x0000000082300000, 0x0000000082200000| Complete 
|  35|0x0000000082300000, 0x0000000082400000, 0x0000000082400000|100%|HC|  |TAMS 0x0000000082400000, 0x0000000082300000| Complete 
|  36|0x0000000082400000, 0x0000000082500000, 0x0000000082500000|100%| O|  |TAMS 0x0000000082500000, 0x0000000082400000| Untracked 
|  37|0x0000000082500000, 0x0000000082600000, 0x0000000082600000|100%| O|  |TAMS 0x0000000082600000, 0x0000000082500000| Untracked 
|  38|0x0000000082600000, 0x0000000082700000, 0x0000000082700000|100%| O|  |TAMS 0x0000000082700000, 0x0000000082600000| Untracked 
|  39|0x0000000082700000, 0x0000000082800000, 0x0000000082800000|100%| O|  |TAMS 0x0000000082800000, 0x0000000082700000| Untracked 
|  40|0x0000000082800000, 0x0000000082900000, 0x0000000082900000|100%| O|  |TAMS 0x0000000082900000, 0x0000000082800000| Untracked 
|  41|0x0000000082900000, 0x0000000082a00000, 0x0000000082a00000|100%| O|  |TAMS 0x0000000082a00000, 0x0000000082900000| Untracked 
|  42|0x0000000082a00000, 0x0000000082b00000, 0x0000000082b00000|100%| O|  |TAMS 0x0000000082b00000, 0x0000000082a00000| Untracked 
|  43|0x0000000082b00000, 0x0000000082c00000, 0x0000000082c00000|100%| O|  |TAMS 0x0000000082c00000, 0x0000000082b00000| Untracked 
|  44|0x0000000082c00000, 0x0000000082d00000, 0x0000000082d00000|100%| O|  |TAMS 0x0000000082d00000, 0x0000000082c00000| Untracked 
|  45|0x0000000082d00000, 0x0000000082e00000, 0x0000000082e00000|100%| O|  |TAMS 0x0000000082e00000, 0x0000000082d00000| Untracked 
|  46|0x0000000082e00000, 0x0000000082f00000, 0x0000000082f00000|100%| O|  |TAMS 0x0000000082f00000, 0x0000000082e00000| Untracked 
|  47|0x0000000082f00000, 0x0000000083000000, 0x0000000083000000|100%| O|  |TAMS 0x0000000083000000, 0x0000000082f00000| Untracked 
|  48|0x0000000083000000, 0x0000000083100000, 0x0000000083100000|100%| O|  |TAMS 0x0000000083100000, 0x0000000083000000| Untracked 
|  49|0x0000000083100000, 0x0000000083200000, 0x0000000083200000|100%| O|  |TAMS 0x0000000083200000, 0x0000000083100000| Untracked 
|  50|0x0000000083200000, 0x0000000083300000, 0x0000000083300000|100%| O|  |TAMS 0x0000000083300000, 0x0000000083200000| Untracked 
|  51|0x0000000083300000, 0x0000000083400000, 0x0000000083400000|100%| O|  |TAMS 0x0000000083400000, 0x0000000083300000| Untracked 
|  52|0x0000000083400000, 0x0000000083500000, 0x0000000083500000|100%| O|  |TAMS 0x0000000083500000, 0x0000000083400000| Untracked 
|  53|0x0000000083500000, 0x0000000083600000, 0x0000000083600000|100%| O|  |TAMS 0x0000000083600000, 0x0000000083500000| Untracked 
|  54|0x0000000083600000, 0x0000000083700000, 0x0000000083700000|100%| O|  |TAMS 0x0000000083700000, 0x0000000083600000| Untracked 
|  55|0x0000000083700000, 0x0000000083800000, 0x0000000083800000|100%| O|  |TAMS 0x0000000083800000, 0x0000000083700000| Untracked 
|  56|0x0000000083800000, 0x0000000083900000, 0x0000000083900000|100%| O|  |TAMS 0x0000000083900000, 0x0000000083800000| Untracked 
|  57|0x0000000083900000, 0x0000000083a00000, 0x0000000083a00000|100%| O|  |TAMS 0x0000000083a00000, 0x0000000083900000| Untracked 
|  58|0x0000000083a00000, 0x0000000083b00000, 0x0000000083b00000|100%| O|  |TAMS 0x0000000083b00000, 0x0000000083a00000| Untracked 
|  59|0x0000000083b00000, 0x0000000083c00000, 0x0000000083c00000|100%| O|  |TAMS 0x0000000083c00000, 0x0000000083b00000| Untracked 
|  60|0x0000000083c00000, 0x0000000083d00000, 0x0000000083d00000|100%| O|  |TAMS 0x0000000083d00000, 0x0000000083c00000| Untracked 
|  61|0x0000000083d00000, 0x0000000083e00000, 0x0000000083e00000|100%| O|  |TAMS 0x0000000083e00000, 0x0000000083d00000| Untracked 
|  62|0x0000000083e00000, 0x0000000083f00000, 0x0000000083f00000|100%| O|  |TAMS 0x0000000083f00000, 0x0000000083e00000| Untracked 
|  63|0x0000000083f00000, 0x0000000084000000, 0x0000000084000000|100%| O|  |TAMS 0x0000000084000000, 0x0000000083f00000| Untracked 
|  64|0x0000000084000000, 0x0000000084100000, 0x0000000084100000|100%| O|  |TAMS 0x0000000084100000, 0x0000000084000000| Untracked 
|  65|0x0000000084100000, 0x0000000084200000, 0x0000000084200000|100%| O|  |TAMS 0x0000000084200000, 0x0000000084100000| Untracked 
|  66|0x0000000084200000, 0x0000000084300000, 0x0000000084300000|100%| O|  |TAMS 0x0000000084300000, 0x0000000084200000| Untracked 
|  67|0x0000000084300000, 0x0000000084400000, 0x0000000084400000|100%| O|  |TAMS 0x0000000084400000, 0x0000000084300000| Untracked 
|  68|0x0000000084400000, 0x0000000084500000, 0x0000000084500000|100%| O|  |TAMS 0x0000000084500000, 0x0000000084400000| Untracked 
|  69|0x0000000084500000, 0x0000000084600000, 0x0000000084600000|100%| O|  |TAMS 0x0000000084600000, 0x0000000084500000| Untracked 
|  70|0x0000000084600000, 0x0000000084700000, 0x0000000084700000|100%| O|  |TAMS 0x0000000084700000, 0x0000000084600000| Untracked 
|  71|0x0000000084700000, 0x0000000084800000, 0x0000000084800000|100%| O|  |TAMS 0x0000000084800000, 0x0000000084700000| Untracked 
|  72|0x0000000084800000, 0x0000000084900000, 0x0000000084900000|100%| O|  |TAMS 0x0000000084900000, 0x0000000084800000| Untracked 
|  73|0x0000000084900000, 0x0000000084a00000, 0x0000000084a00000|100%| O|  |TAMS 0x0000000084a00000, 0x0000000084900000| Untracked 
|  74|0x0000000084a00000, 0x0000000084b00000, 0x0000000084b00000|100%| O|  |TAMS 0x0000000084b00000, 0x0000000084a00000| Untracked 
|  75|0x0000000084b00000, 0x0000000084c00000, 0x0000000084c00000|100%| O|  |TAMS 0x0000000084c00000, 0x0000000084b00000| Untracked 
|  76|0x0000000084c00000, 0x0000000084d00000, 0x0000000084d00000|100%| O|  |TAMS 0x0000000084d00000, 0x0000000084c00000| Untracked 
|  77|0x0000000084d00000, 0x0000000084e00000, 0x0000000084e00000|100%| O|  |TAMS 0x0000000084e00000, 0x0000000084d00000| Untracked 
|  78|0x0000000084e00000, 0x0000000084f00000, 0x0000000084f00000|100%| O|  |TAMS 0x0000000084f00000, 0x0000000084e00000| Untracked 
|  79|0x0000000084f00000, 0x0000000085000000, 0x0000000085000000|100%| O|  |TAMS 0x0000000085000000, 0x0000000084f00000| Untracked 
|  80|0x0000000085000000, 0x0000000085100000, 0x0000000085100000|100%| O|  |TAMS 0x0000000085100000, 0x0000000085000000| Untracked 
|  81|0x0000000085100000, 0x0000000085200000, 0x0000000085200000|100%| O|  |TAMS 0x0000000085200000, 0x0000000085100000| Untracked 
|  82|0x0000000085200000, 0x0000000085300000, 0x0000000085300000|100%| O|  |TAMS 0x0000000085300000, 0x0000000085200000| Untracked 
|  83|0x0000000085300000, 0x0000000085400000, 0x0000000085400000|100%| O|  |TAMS 0x0000000085400000, 0x0000000085300000| Untracked 
|  84|0x0000000085400000, 0x0000000085500000, 0x0000000085500000|100%| O|  |TAMS 0x0000000085500000, 0x0000000085400000| Untracked 
|  85|0x0000000085500000, 0x0000000085600000, 0x0000000085600000|100%| O|  |TAMS 0x0000000085600000, 0x0000000085500000| Untracked 
|  86|0x0000000085600000, 0x0000000085700000, 0x0000000085700000|100%| O|  |TAMS 0x0000000085700000, 0x0000000085600000| Untracked 
|  87|0x0000000085700000, 0x0000000085800000, 0x0000000085800000|100%| O|  |TAMS 0x0000000085800000, 0x0000000085700000| Untracked 
|  88|0x0000000085800000, 0x00000000858f6c00, 0x0000000085900000| 96%| O|  |TAMS 0x00000000858f6c00, 0x0000000085800000| Untracked 
|  89|0x0000000085900000, 0x0000000085900000, 0x0000000085a00000|  0%| F|  |TAMS 0x0000000085900000, 0x0000000085900000| Untracked 
|  90|0x0000000085a00000, 0x0000000085a00000, 0x0000000085b00000|  0%| F|  |TAMS 0x0000000085a00000, 0x0000000085a00000| Untracked 
|  91|0x0000000085b00000, 0x0000000085b00000, 0x0000000085c00000|  0%| F|  |TAMS 0x0000000085b00000, 0x0000000085b00000| Untracked 
|  92|0x0000000085c00000, 0x0000000085c00000, 0x0000000085d00000|  0%| F|  |TAMS 0x0000000085c00000, 0x0000000085c00000| Untracked 
|  93|0x0000000085d00000, 0x0000000085d00000, 0x0000000085e00000|  0%| F|  |TAMS 0x0000000085d00000, 0x0000000085d00000| Untracked 
|  94|0x0000000085e00000, 0x0000000085e00000, 0x0000000085f00000|  0%| F|  |TAMS 0x0000000085e00000, 0x0000000085e00000| Untracked 
|  95|0x0000000085f00000, 0x0000000085f00000, 0x0000000086000000|  0%| F|  |TAMS 0x0000000085f00000, 0x0000000085f00000| Untracked 
|  96|0x0000000086000000, 0x0000000086000000, 0x0000000086100000|  0%| F|  |TAMS 0x0000000086000000, 0x0000000086000000| Untracked 
|  97|0x0000000086100000, 0x0000000086100000, 0x0000000086200000|  0%| F|  |TAMS 0x0000000086100000, 0x0000000086100000| Untracked 
|  98|0x0000000086200000, 0x0000000086200000, 0x0000000086300000|  0%| F|  |TAMS 0x0000000086200000, 0x0000000086200000| Untracked 
|  99|0x0000000086300000, 0x0000000086300000, 0x0000000086400000|  0%| F|  |TAMS 0x0000000086300000, 0x0000000086300000| Untracked 
| 100|0x0000000086400000, 0x0000000086400000, 0x0000000086500000|  0%| F|  |TAMS 0x0000000086400000, 0x0000000086400000| Untracked 
| 101|0x0000000086500000, 0x0000000086500000, 0x0000000086600000|  0%| F|  |TAMS 0x0000000086500000, 0x0000000086500000| Untracked 
| 102|0x0000000086600000, 0x0000000086600000, 0x0000000086700000|  0%| F|  |TAMS 0x0000000086600000, 0x0000000086600000| Untracked 
| 103|0x0000000086700000, 0x0000000086700000, 0x0000000086800000|  0%| F|  |TAMS 0x0000000086700000, 0x0000000086700000| Untracked 
| 104|0x0000000086800000, 0x0000000086800000, 0x0000000086900000|  0%| F|  |TAMS 0x0000000086800000, 0x0000000086800000| Untracked 
| 105|0x0000000086900000, 0x000000008699cc30, 0x0000000086a00000| 61%| S|CS|TAMS 0x0000000086900000, 0x0000000086900000| Complete 
| 106|0x0000000086a00000, 0x0000000086b00000, 0x0000000086b00000|100%| S|CS|TAMS 0x0000000086a00000, 0x0000000086a00000| Complete 
| 107|0x0000000086b00000, 0x0000000086c00000, 0x0000000086c00000|100%| S|CS|TAMS 0x0000000086b00000, 0x0000000086b00000| Complete 
| 108|0x0000000086c00000, 0x0000000086c00000, 0x0000000086d00000|  0%| F|  |TAMS 0x0000000086c00000, 0x0000000086c00000| Untracked 
| 109|0x0000000086d00000, 0x0000000086d00000, 0x0000000086e00000|  0%| F|  |TAMS 0x0000000086d00000, 0x0000000086d00000| Untracked 
| 110|0x0000000086e00000, 0x0000000086e00000, 0x0000000086f00000|  0%| F|  |TAMS 0x0000000086e00000, 0x0000000086e00000| Untracked 
| 111|0x0000000086f00000, 0x0000000086f00000, 0x0000000087000000|  0%| F|  |TAMS 0x0000000086f00000, 0x0000000086f00000| Untracked 
| 112|0x0000000087000000, 0x0000000087100000, 0x0000000087100000|100%| S|CS|TAMS 0x0000000087000000, 0x0000000087000000| Complete 
| 113|0x0000000087100000, 0x0000000087200000, 0x0000000087200000|100%| S|CS|TAMS 0x0000000087100000, 0x0000000087100000| Complete 
| 114|0x0000000087200000, 0x0000000087300000, 0x0000000087300000|100%| S|CS|TAMS 0x0000000087200000, 0x0000000087200000| Complete 
| 115|0x0000000087300000, 0x0000000087300000, 0x0000000087400000|  0%| F|  |TAMS 0x0000000087300000, 0x0000000087300000| Untracked 
| 116|0x0000000087400000, 0x0000000087400000, 0x0000000087500000|  0%| F|  |TAMS 0x0000000087400000, 0x0000000087400000| Untracked 
| 117|0x0000000087500000, 0x0000000087500000, 0x0000000087600000|  0%| F|  |TAMS 0x0000000087500000, 0x0000000087500000| Untracked 
| 118|0x0000000087600000, 0x000000008766a148, 0x0000000087700000| 41%| E|  |TAMS 0x0000000087600000, 0x0000000087600000| Complete 
| 119|0x0000000087700000, 0x0000000087800000, 0x0000000087800000|100%| E|CS|TAMS 0x0000000087700000, 0x0000000087700000| Complete 
| 120|0x0000000087800000, 0x0000000087900000, 0x0000000087900000|100%| E|CS|TAMS 0x0000000087800000, 0x0000000087800000| Complete 
| 121|0x0000000087900000, 0x0000000087a00000, 0x0000000087a00000|100%| E|CS|TAMS 0x0000000087900000, 0x0000000087900000| Complete 
| 122|0x0000000087a00000, 0x0000000087b00000, 0x0000000087b00000|100%| E|CS|TAMS 0x0000000087a00000, 0x0000000087a00000| Complete 
| 123|0x0000000087b00000, 0x0000000087c00000, 0x0000000087c00000|100%| E|CS|TAMS 0x0000000087b00000, 0x0000000087b00000| Complete 
| 124|0x0000000087c00000, 0x0000000087d00000, 0x0000000087d00000|100%| E|CS|TAMS 0x0000000087c00000, 0x0000000087c00000| Complete 
| 125|0x0000000087d00000, 0x0000000087e00000, 0x0000000087e00000|100%| E|CS|TAMS 0x0000000087d00000, 0x0000000087d00000| Complete 
| 126|0x0000000087e00000, 0x0000000087f00000, 0x0000000087f00000|100%| E|CS|TAMS 0x0000000087e00000, 0x0000000087e00000| Complete 
| 127|0x0000000087f00000, 0x0000000088000000, 0x0000000088000000|100%| E|CS|TAMS 0x0000000087f00000, 0x0000000087f00000| Complete 
| 128|0x0000000088000000, 0x0000000088100000, 0x0000000088100000|100%| E|CS|TAMS 0x0000000088000000, 0x0000000088000000| Complete 
| 129|0x0000000088100000, 0x0000000088200000, 0x0000000088200000|100%| E|CS|TAMS 0x0000000088100000, 0x0000000088100000| Complete 
| 130|0x0000000088200000, 0x0000000088300000, 0x0000000088300000|100%| E|CS|TAMS 0x0000000088200000, 0x0000000088200000| Complete 
| 131|0x0000000088300000, 0x0000000088400000, 0x0000000088400000|100%| E|CS|TAMS 0x0000000088300000, 0x0000000088300000| Complete 
| 132|0x0000000088400000, 0x0000000088500000, 0x0000000088500000|100%| E|CS|TAMS 0x0000000088400000, 0x0000000088400000| Complete 
| 133|0x0000000088500000, 0x0000000088600000, 0x0000000088600000|100%| E|CS|TAMS 0x0000000088500000, 0x0000000088500000| Complete 
| 134|0x0000000088600000, 0x0000000088700000, 0x0000000088700000|100%| E|CS|TAMS 0x0000000088600000, 0x0000000088600000| Complete 
| 135|0x0000000088700000, 0x0000000088800000, 0x0000000088800000|100%| E|CS|TAMS 0x0000000088700000, 0x0000000088700000| Complete 
| 136|0x0000000088800000, 0x0000000088900000, 0x0000000088900000|100%| E|CS|TAMS 0x0000000088800000, 0x0000000088800000| Complete 
| 137|0x0000000088900000, 0x0000000088a00000, 0x0000000088a00000|100%| E|CS|TAMS 0x0000000088900000, 0x0000000088900000| Complete 
| 138|0x0000000088a00000, 0x0000000088b00000, 0x0000000088b00000|100%| E|CS|TAMS 0x0000000088a00000, 0x0000000088a00000| Complete 
| 139|0x0000000088b00000, 0x0000000088c00000, 0x0000000088c00000|100%| E|CS|TAMS 0x0000000088b00000, 0x0000000088b00000| Complete 
| 140|0x0000000088c00000, 0x0000000088d00000, 0x0000000088d00000|100%| E|CS|TAMS 0x0000000088c00000, 0x0000000088c00000| Complete 
| 141|0x0000000088d00000, 0x0000000088e00000, 0x0000000088e00000|100%| E|CS|TAMS 0x0000000088d00000, 0x0000000088d00000| Complete 
| 142|0x0000000088e00000, 0x0000000088f00000, 0x0000000088f00000|100%| E|CS|TAMS 0x0000000088e00000, 0x0000000088e00000| Complete 
| 143|0x0000000088f00000, 0x0000000089000000, 0x0000000089000000|100%| E|CS|TAMS 0x0000000088f00000, 0x0000000088f00000| Complete 
| 144|0x0000000089000000, 0x0000000089100000, 0x0000000089100000|100%| E|CS|TAMS 0x0000000089000000, 0x0000000089000000| Complete 
| 145|0x0000000089100000, 0x0000000089200000, 0x0000000089200000|100%| E|CS|TAMS 0x0000000089100000, 0x0000000089100000| Complete 
| 146|0x0000000089200000, 0x0000000089300000, 0x0000000089300000|100%| E|CS|TAMS 0x0000000089200000, 0x0000000089200000| Complete 
| 147|0x0000000089300000, 0x0000000089400000, 0x0000000089400000|100%| E|CS|TAMS 0x0000000089300000, 0x0000000089300000| Complete 
| 148|0x0000000089400000, 0x0000000089500000, 0x0000000089500000|100%| E|CS|TAMS 0x0000000089400000, 0x0000000089400000| Complete 
| 149|0x0000000089500000, 0x0000000089600000, 0x0000000089600000|100%| E|CS|TAMS 0x0000000089500000, 0x0000000089500000| Complete 
| 150|0x0000000089600000, 0x0000000089700000, 0x0000000089700000|100%| E|CS|TAMS 0x0000000089600000, 0x0000000089600000| Complete 
| 151|0x0000000089700000, 0x0000000089800000, 0x0000000089800000|100%| E|CS|TAMS 0x0000000089700000, 0x0000000089700000| Complete 
| 152|0x0000000089800000, 0x0000000089900000, 0x0000000089900000|100%| E|CS|TAMS 0x0000000089800000, 0x0000000089800000| Complete 
| 153|0x0000000089900000, 0x0000000089a00000, 0x0000000089a00000|100%| E|CS|TAMS 0x0000000089900000, 0x0000000089900000| Complete 

Card table byte_map: [0x0000019421a30000,0x0000019421e30000] _byte_map_base: 0x0000019421630000

Marking Bits (Prev, Next): (CMBitMap*) 0x000001940eb5f1d0, (CMBitMap*) 0x000001940eb5f198
 Prev Bits: [0x0000019424230000, 0x0000019426230000)
 Next Bits: [0x0000019422230000, 0x0000019424230000)

Polling page: 0x000001940c930000

Metaspace:

Usage:
  Non-class:    103.48 MB capacity,   101.78 MB ( 98%) used,     1.35 MB (  1%) free+waste,   362.31 KB ( <1%) overhead. 
      Class:     15.84 MB capacity,    14.72 MB ( 93%) used,   979.52 KB (  6%) free+waste,   167.19 KB (  1%) overhead. 
       Both:    119.33 MB capacity,   116.50 MB ( 98%) used,     2.31 MB (  2%) free+waste,   529.50 KB ( <1%) overhead. 

Virtual space:
  Non-class space:      126.00 MB reserved,     103.67 MB ( 82%) committed 
      Class space:        1.00 GB reserved,      15.91 MB (  2%) committed 
             Both:        1.12 GB reserved,     119.58 MB ( 10%) committed 

Chunk freelists:
   Non-Class:  0 bytes
       Class:  0 bytes
        Both:  0 bytes

MaxMetaspaceSize: 17179869184.00 GB
CompressedClassSpaceSize: 1.00 GB
Initial GC threshold: 20.80 MB
Current GC threshold: 196.38 MB
CDS: off

CodeHeap 'non-profiled nmethods': size=120064Kb used=8055Kb max_used=8055Kb free=112008Kb
 bounds [0x000001941a0f0000, 0x000001941a8d0000, 0x0000019421630000]
CodeHeap 'profiled nmethods': size=120000Kb used=33215Kb max_used=33215Kb free=86784Kb
 bounds [0x0000019412bc0000, 0x0000019414c30000, 0x000001941a0f0000]
CodeHeap 'non-nmethods': size=5696Kb used=2436Kb max_used=2459Kb free=3259Kb
 bounds [0x0000019412630000, 0x00000194128b0000, 0x0000019412bc0000]
 total_blobs=16680 nmethods=15707 adapters=884
 compilation: enabled
              stopped_count=0, restarted_count=0
 full_count=0

Compilation events (20 events):
Event: 49.217 Thread 0x0000019428767000 nmethod 15794 0x0000019414bd9090 code [0x0000019414bd9260, 0x0000019414bd9628]
Event: 49.217 Thread 0x0000019428767000 15795       2       com.android.tools.r8.internal.qp::c (145 bytes)
Event: 49.218 Thread 0x0000019428767000 nmethod 15795 0x0000019414bd9810 code [0x0000019414bd9a60, 0x0000019414bda0c8]
Event: 49.218 Thread 0x0000019428767000 15790       1       com.android.tools.r8.internal.Rs::get (2 bytes)
Event: 49.218 Thread 0x0000019428767000 nmethod 15790 0x000001941a8c6990 code [0x000001941a8c6b40, 0x000001941a8c6bf8]
Event: 49.218 Thread 0x0000019428767000 15756       1       com.android.tools.r8.internal.e7::q (2 bytes)
Event: 49.218 Thread 0x0000019428767000 nmethod 15756 0x000001941a8c6c90 code [0x000001941a8c6e40, 0x000001941a8c6ef8]
Event: 49.218 Thread 0x0000019428767000 15738       1       com.android.tools.r8.internal.Bq::f1 (2 bytes)
Event: 49.218 Thread 0x0000019428767000 nmethod 15738 0x000001941a8c6f90 code [0x000001941a8c7140, 0x000001941a8c71f8]
Event: 49.218 Thread 0x0000019428767000 15750       1       com.android.tools.r8.internal.Rs::size (2 bytes)
Event: 49.218 Thread 0x0000019428767000 nmethod 15750 0x000001941a8c7290 code [0x000001941a8c7440, 0x000001941a8c74f8]
Event: 49.218 Thread 0x0000019428767000 15757       1       com.android.tools.r8.internal.s7::t (5 bytes)
Event: 49.218 Thread 0x0000019428767000 nmethod 15757 0x000001941a8c7590 code [0x000001941a8c7740, 0x000001941a8c77f8]
Event: 49.218 Thread 0x0000019428767000 15770       1       com.android.tools.r8.internal.sd::c (5 bytes)
Event: 49.218 Thread 0x0000019428767000 nmethod 15770 0x000001941a8c7890 code [0x000001941a8c7a40, 0x000001941a8c7af8]
Event: 49.224 Thread 0x0000019428767000 15799       2       com.android.tools.r8.ir.regalloc.b::a (120 bytes)
Event: 49.225 Thread 0x0000019428767000 nmethod 15799 0x0000019414bda410 code [0x0000019414bda640, 0x0000019414bdaec8]
Event: 49.227 Thread 0x0000019428767000 15800       2       com.android.tools.r8.ir.regalloc.b::a (184 bytes)
Event: 49.228 Thread 0x0000019428767000 nmethod 15800 0x0000019414bdb310 code [0x0000019414bdb520, 0x0000019414bdb9a8]
Event: 49.228 Thread 0x0000019428767000 15801       2       com.android.tools.r8.ir.regalloc.b::c (4031 bytes)

GC Heap History (20 events):
Event: 35.854 GC heap before
{Heap before GC invocations=41 (full 0):
 garbage-first heap   total 157696K, used 128441K [0x0000000080000000, 0x0000000100000000)
  region size 1024K, 46 young (47104K), 1 survivors (1024K)
 Metaspace       used 97503K, capacity 99738K, committed 100048K, reserved 1136640K
  class space    used 12189K, capacity 13021K, committed 13088K, reserved 1048576K
}
Event: 35.859 GC heap after
{Heap after GC invocations=42 (full 0):
 garbage-first heap   total 157696K, used 82194K [0x0000000080000000, 0x0000000100000000)
  region size 1024K, 2 young (2048K), 2 survivors (2048K)
 Metaspace       used 97503K, capacity 99738K, committed 100048K, reserved 1136640K
  class space    used 12189K, capacity 13021K, committed 13088K, reserved 1048576K
}
Event: 36.958 GC heap before
{Heap before GC invocations=42 (full 0):
 garbage-first heap   total 157696K, used 127250K [0x0000000080000000, 0x0000000100000000)
  region size 1024K, 47 young (48128K), 2 survivors (2048K)
 Metaspace       used 100559K, capacity 102718K, committed 102992K, reserved 1138688K
  class space    used 12557K, capacity 13374K, committed 13472K, reserved 1048576K
}
Event: 36.965 GC heap after
{Heap after GC invocations=43 (full 0):
 garbage-first heap   total 157696K, used 84691K [0x0000000080000000, 0x0000000100000000)
  region size 1024K, 5 young (5120K), 5 survivors (5120K)
 Metaspace       used 100559K, capacity 102718K, committed 102992K, reserved 1138688K
  class space    used 12557K, capacity 13374K, committed 13472K, reserved 1048576K
}
Event: 39.724 GC heap before
{Heap before GC invocations=44 (full 0):
 garbage-first heap   total 157696K, used 128723K [0x0000000080000000, 0x0000000100000000)
  region size 1024K, 49 young (50176K), 5 survivors (5120K)
 Metaspace       used 105815K, capacity 108104K, committed 108240K, reserved 1146880K
  class space    used 13212K, capacity 14053K, committed 14112K, reserved 1048576K
}
Event: 39.750 GC heap after
{Heap after GC invocations=45 (full 0):
 garbage-first heap   total 157696K, used 88033K [0x0000000080000000, 0x0000000100000000)
  region size 1024K, 7 young (7168K), 7 survivors (7168K)
 Metaspace       used 105815K, capacity 108104K, committed 108240K, reserved 1146880K
  class space    used 13212K, capacity 14053K, committed 14112K, reserved 1048576K
}
Event: 40.928 GC heap before
{Heap before GC invocations=45 (full 0):
 garbage-first heap   total 157696K, used 130017K [0x0000000080000000, 0x0000000100000000)
  region size 1024K, 50 young (51200K), 7 survivors (7168K)
 Metaspace       used 106655K, capacity 108845K, committed 109136K, reserved 1146880K
  class space    used 13278K, capacity 14124K, committed 14240K, reserved 1048576K
}
Event: 40.939 GC heap after
{Heap after GC invocations=46 (full 0):
 garbage-first heap   total 157696K, used 89208K [0x0000000080000000, 0x0000000100000000)
  region size 1024K, 5 young (5120K), 5 survivors (5120K)
 Metaspace       used 106655K, capacity 108845K, committed 109136K, reserved 1146880K
  class space    used 13278K, capacity 14124K, committed 14240K, reserved 1048576K
}
Event: 41.432 GC heap before
{Heap before GC invocations=47 (full 0):
 garbage-first heap   total 157696K, used 131192K [0x0000000080000000, 0x0000000100000000)
  region size 1024K, 47 young (48128K), 5 survivors (5120K)
 Metaspace       used 106714K, capacity 108927K, committed 109136K, reserved 1146880K
  class space    used 13283K, capacity 14127K, committed 14240K, reserved 1048576K
}
Event: 41.440 GC heap after
{Heap after GC invocations=48 (full 0):
 garbage-first heap   total 157696K, used 89319K [0x0000000080000000, 0x0000000100000000)
  region size 1024K, 2 young (2048K), 2 survivors (2048K)
 Metaspace       used 106714K, capacity 108927K, committed 109136K, reserved 1146880K
  class space    used 13283K, capacity 14127K, committed 14240K, reserved 1048576K
}
Event: 41.969 GC heap before
{Heap before GC invocations=48 (full 0):
 garbage-first heap   total 157696K, used 132327K [0x0000000080000000, 0x0000000100000000)
  region size 1024K, 45 young (46080K), 2 survivors (2048K)
 Metaspace       used 106850K, capacity 109120K, committed 109392K, reserved 1146880K
  class space    used 13295K, capacity 14127K, committed 14240K, reserved 1048576K
}
Event: 41.972 GC heap after
{Heap after GC invocations=49 (full 0):
 garbage-first heap   total 157696K, used 89156K [0x0000000080000000, 0x0000000100000000)
  region size 1024K, 2 young (2048K), 2 survivors (2048K)
 Metaspace       used 106850K, capacity 109120K, committed 109392K, reserved 1146880K
  class space    used 13295K, capacity 14127K, committed 14240K, reserved 1048576K
}
Event: 42.554 GC heap before
{Heap before GC invocations=50 (full 0):
 garbage-first heap   total 157696K, used 132164K [0x0000000080000000, 0x0000000100000000)
  region size 1024K, 45 young (46080K), 2 survivors (2048K)
 Metaspace       used 106879K, capacity 109121K, committed 109392K, reserved 1146880K
  class space    used 13295K, capacity 14127K, committed 14240K, reserved 1048576K
}
Event: 42.557 GC heap after
{Heap after GC invocations=51 (full 0):
 garbage-first heap   total 157696K, used 89630K [0x0000000080000000, 0x0000000100000000)
  region size 1024K, 2 young (2048K), 2 survivors (2048K)
 Metaspace       used 106879K, capacity 109121K, committed 109392K, reserved 1146880K
  class space    used 13295K, capacity 14127K, committed 14240K, reserved 1048576K
}
Event: 45.661 GC heap before
{Heap before GC invocations=51 (full 0):
 garbage-first heap   total 157696K, used 133662K [0x0000000080000000, 0x0000000100000000)
  region size 1024K, 46 young (47104K), 2 survivors (2048K)
 Metaspace       used 107970K, capacity 110370K, committed 110544K, reserved 1148928K
  class space    used 13376K, capacity 14262K, committed 14368K, reserved 1048576K
}
Event: 45.667 GC heap after
{Heap after GC invocations=52 (full 0):
 garbage-first heap   total 157696K, used 91583K [0x0000000080000000, 0x0000000100000000)
  region size 1024K, 4 young (4096K), 4 survivors (4096K)
 Metaspace       used 107970K, capacity 110370K, committed 110544K, reserved 1148928K
  class space    used 13376K, capacity 14262K, committed 14368K, reserved 1048576K
}
Event: 47.775 GC heap before
{Heap before GC invocations=53 (full 0):
 garbage-first heap   total 157696K, used 133567K [0x0000000080000000, 0x0000000100000000)
  region size 1024K, 46 young (47104K), 4 survivors (4096K)
 Metaspace       used 110636K, capacity 113113K, committed 113232K, reserved 1150976K
  class space    used 13740K, capacity 14669K, committed 14752K, reserved 1048576K
}
Event: 47.785 GC heap after
{Heap after GC invocations=54 (full 0):
 garbage-first heap   total 157696K, used 93765K [0x0000000080000000, 0x0000000100000000)
  region size 1024K, 6 young (6144K), 6 survivors (6144K)
 Metaspace       used 110636K, capacity 113113K, committed 113232K, reserved 1150976K
  class space    used 13740K, capacity 14669K, committed 14752K, reserved 1048576K
}
Event: 48.599 GC heap before
{Heap before GC invocations=54 (full 0):
 garbage-first heap   total 157696K, used 133701K [0x0000000080000000, 0x0000000100000000)
  region size 1024K, 45 young (46080K), 6 survivors (6144K)
 Metaspace       used 115960K, capacity 118763K, committed 118992K, reserved 1173504K
  class space    used 14546K, capacity 15639K, committed 15648K, reserved 1048576K
}
Event: 48.614 GC heap after
{Heap after GC invocations=55 (full 0):
 garbage-first heap   total 157696K, used 96846K [0x0000000080000000, 0x0000000100000000)
  region size 1024K, 6 young (6144K), 6 survivors (6144K)
 Metaspace       used 115960K, capacity 118763K, committed 118992K, reserved 1173504K
  class space    used 14546K, capacity 15639K, committed 15648K, reserved 1048576K
}

Deoptimization events (20 events):
Event: 48.877 Thread 0x0000019429232800 DEOPT PACKING pc=0x000001941a2511ec sp=0x0000004332fff010
Event: 48.877 Thread 0x0000019429232800 DEOPT UNPACKING pc=0x000001941267a1af sp=0x0000004332ffeff0 mode 2
Event: 48.883 Thread 0x000001942d908000 Uncommon trap: trap_request=0xffffffc6 fr.pc=0x000001941a51bf0c relative=0x000000000000022c
Event: 48.883 Thread 0x000001942d908000 Uncommon trap: reason=bimorphic_or_optimized_type_check action=maybe_recompile pc=0x000001941a51bf0c method=java.util.stream.StreamOpFlag.fromCharacteristics(Ljava/util/Spliterator;)I @ 14 c2
Event: 48.883 Thread 0x000001942d908000 DEOPT PACKING pc=0x000001941a51bf0c sp=0x00000043359f9a50
Event: 48.883 Thread 0x000001942d908000 DEOPT UNPACKING pc=0x000001941267a1af sp=0x00000043359f9938 mode 2
Event: 48.925 Thread 0x000001942d908000 Uncommon trap: trap_request=0xffffffc6 fr.pc=0x000001941a7d85d8 relative=0x0000000000000218
Event: 48.925 Thread 0x000001942d908000 Uncommon trap: reason=bimorphic_or_optimized_type_check action=maybe_recompile pc=0x000001941a7d85d8 method=java.util.stream.StreamOpFlag.fromCharacteristics(Ljava/util/Spliterator;)I @ 14 c2
Event: 48.926 Thread 0x000001942d908000 DEOPT PACKING pc=0x000001941a7d85d8 sp=0x00000043359f9970
Event: 48.926 Thread 0x000001942d908000 DEOPT UNPACKING pc=0x000001941267a1af sp=0x00000043359f98c0 mode 2
Event: 48.931 Thread 0x000001942d90b800 Uncommon trap: trap_request=0xffffffc6 fr.pc=0x000001941a515ba4 relative=0x0000000000000064
Event: 48.931 Thread 0x000001942d90b800 Uncommon trap: reason=bimorphic_or_optimized_type_check action=maybe_recompile pc=0x000001941a515ba4 method=java.util.stream.StreamOpFlag.fromCharacteristics(Ljava/util/Spliterator;)I @ 14 c2
Event: 48.931 Thread 0x000001942d90b800 DEOPT PACKING pc=0x000001941a515ba4 sp=0x00000043360f98d0
Event: 48.931 Thread 0x000001942d90b800 DEOPT UNPACKING pc=0x000001941267a1af sp=0x00000043360f9868 mode 2
Event: 48.983 Thread 0x000001942d90b800 Uncommon trap: trap_request=0xffffff4d fr.pc=0x000001941a4fdc6c relative=0x000000000000124c
Event: 48.983 Thread 0x000001942d90b800 Uncommon trap: reason=unstable_if action=reinterpret pc=0x000001941a4fdc6c method=java.util.HashMap.computeIfAbsent(Ljava/lang/Object;Ljava/util/function/Function;)Ljava/lang/Object; @ 145 c2
Event: 48.983 Thread 0x000001942d90b800 DEOPT PACKING pc=0x000001941a4fdc6c sp=0x00000043360f96f0
Event: 48.983 Thread 0x000001942d90b800 DEOPT UNPACKING pc=0x000001941267a1af sp=0x00000043360f96d0 mode 2
Event: 49.145 Thread 0x000001942dd90800 DEOPT PACKING pc=0x0000019414b4fc63 sp=0x0000004337af5460
Event: 49.145 Thread 0x000001942dd90800 DEOPT UNPACKING pc=0x000001941267a95e sp=0x0000004337af48f8 mode 0

Classes redefined (0 events):
No events

Internal exceptions (20 events):
Event: 48.071 Thread 0x000001942d908000 Exception <a 'java/lang/NoSuchMethodError'{0x0000000088dc8a38}: 'void java.lang.invoke.DirectMethodHandle$Holder.invokeStatic(java.lang.Object, java.lang.Object, java.lang.Object, int)'> (0x0000000088dc8a38) thrown at [./src/hotspot/share/interpreter/linkResolver.cpp, line 773]
Event: 48.071 Thread 0x000001942dd90800 Exception <a 'java/lang/NoSuchMethodError'{0x0000000088d4d3d0}: 'void java.lang.invoke.DirectMethodHandle$Holder.invokeStatic(java.lang.Object, java.lang.Object, java.lang.Object, int)'> (0x0000000088d4d3d0) thrown at [./src/hotspot/share/interpreter/linkResolver.cpp, line 773]
Event: 48.071 Thread 0x000001942d90b800 Exception <a 'java/lang/NoSuchMethodError'{0x0000000088dcee60}: 'void java.lang.invoke.DirectMethodHandle$Holder.invokeStatic(java.lang.Object, java.lang.Object, java.lang.Object, int)'> (0x0000000088dcee60) thrown at [./src/hotspot/share/interpreter/linkResolver.cpp, line 773]
Event: 48.072 Thread 0x000001942d908000 Exception <a 'java/lang/IncompatibleClassChangeError'{0x0000000088ddea88}: Found class java.lang.Object, but interface was expected> (0x0000000088ddea88) thrown at [./src/hotspot/share/interpreter/linkResolver.cpp, line 839]
Event: 48.072 Thread 0x000001942d90b800 Exception <a 'java/lang/IncompatibleClassChangeError'{0x0000000088dd52c0}: Found class java.lang.Object, but interface was expected> (0x0000000088dd52c0) thrown at [./src/hotspot/share/interpreter/linkResolver.cpp, line 839]
Event: 48.072 Thread 0x000001942dd90800 Exception <a 'java/lang/IncompatibleClassChangeError'{0x0000000088de2ba8}: Found class java.lang.Object, but interface was expected> (0x0000000088de2ba8) thrown at [./src/hotspot/share/interpreter/linkResolver.cpp, line 839]
Event: 48.356 Thread 0x000001942d90b800 Exception <a 'java/lang/NoSuchMethodError'{0x00000000883859c8}: 'java.lang.Object java.lang.invoke.DirectMethodHandle$Holder.invokeStatic(java.lang.Object, int, java.lang.Object, java.lang.Object)'> (0x00000000883859c8) thrown at [./src/hotspot/share/interpreter/linkResolver.cpp, line 773]
Event: 48.440 Thread 0x000001942bc43000 Exception <a 'java/io/IOException'{0x0000000087f3c500}> (0x0000000087f3c500) thrown at [./src/hotspot/share/prims/jni.cpp, line 616]
Event: 48.531 Thread 0x000001942d908000 Exception <a 'java/lang/IncompatibleClassChangeError'{0x00000000878eece8}: Found class java.lang.Object, but interface was expected> (0x00000000878eece8) thrown at [./src/hotspot/share/interpreter/linkResolver.cpp, line 839]
Event: 48.531 Thread 0x000001942dd90800 Exception <a 'java/lang/IncompatibleClassChangeError'{0x00000000878d7960}: Found class java.lang.Object, but interface was expected> (0x00000000878d7960) thrown at [./src/hotspot/share/interpreter/linkResolver.cpp, line 839]
Event: 48.532 Thread 0x000001942d908000 Exception <a 'java/lang/IncompatibleClassChangeError'{0x0000000087703518}: Found class java.lang.Object, but interface was expected> (0x0000000087703518) thrown at [./src/hotspot/share/interpreter/linkResolver.cpp, line 839]
Event: 48.532 Thread 0x000001942dd90800 Exception <a 'java/lang/IncompatibleClassChangeError'{0x00000000878dbb08}: Found class java.lang.Object, but interface was expected> (0x00000000878dbb08) thrown at [./src/hotspot/share/interpreter/linkResolver.cpp, line 839]
Event: 48.542 Thread 0x000001942dd87800 Exception <a 'sun/nio/fs/WindowsException'{0x00000000877ee7e8}> (0x00000000877ee7e8) thrown at [./src/hotspot/share/prims/jni.cpp, line 616]
Event: 48.686 Thread 0x000001942dd90800 Exception <a 'java/lang/NoSuchMethodError'{0x00000000898b48b8}: 'void java.lang.invoke.DirectMethodHandle$Holder.invokeSpecial(java.lang.Object, java.lang.Object, int, java.lang.Object)'> (0x00000000898b48b8) thrown at [./src/hotspot/share/interpreter/linkResolver.cpp, line 773]
Event: 48.835 Thread 0x000001942dd90800 Exception <a 'java/lang/NoSuchMethodError'{0x000000008921f4f0}: 'int java.lang.invoke.DirectMethodHandle$Holder.invokeSpecial(java.lang.Object, java.lang.Object, java.lang.Object, int, java.lang.Object)'> (0x000000008921f4f0) thrown at [./src/hotspot/share/interpreter/linkResolver.cpp, line 773]
Event: 49.131 Thread 0x000001942d90b800 Exception <a 'java/lang/NoSuchMethodError'{0x00000000888c15d0}: 'int java.lang.invoke.DirectMethodHandle$Holder.invokeInterface(java.lang.Object, java.lang.Object, int)'> (0x00000000888c15d0) thrown at [./src/hotspot/share/interpreter/linkResolver.cpp, line 773]
Event: 49.170 Thread 0x000001942dd87800 Exception <a 'java/lang/NoSuchMethodError'{0x00000000886422e8}: 'java.lang.Object java.lang.invoke.DirectMethodHandle$Holder.invokeSpecial(java.lang.Object, java.lang.Object, java.lang.Object, java.lang.Object, java.lang.Object, java.lang.Object, java.lang.Object, java.lang.Object, java.lang.Object, java.lang.Object, java.lang.Object)'> (0x00000000886422e8) thrown at [./src/hotspot/share/interpreter/linkResolver.cpp, line 773]
Event: 49.171 Thread 0x000001942dd87800 Exception <a 'java/lang/NoSuchMethodError'{0x000000008864e180}: 'java.lang.Object java.lang.invoke.Invokers$Holder.linkToTargetMethod(java.lang.Object, java.lang.Object, java.lang.Object, java.lang.Object, java.lang.Object, java.lang.Object, java.lang.Object, java.lang.Object, java.lang.Object, java.lang.Object)'> (0x000000008864e180) thrown at [./src/hotspot/share/interpreter/linkResolver.cpp, line 773]
Event: 49.228 Thread 0x000001942dd87800 Exception <a 'java/lang/IncompatibleClassChangeError'{0x00000000881334f8}: Found class java.lang.Object, but interface was expected> (0x00000000881334f8) thrown at [./src/hotspot/share/interpreter/linkResolver.cpp, line 839]
Event: 49.238 Thread 0x000001942dd87800 Exception <a 'java/lang/NoSuchMethodError'{0x0000000088192c90}: 'void java.lang.invoke.DirectMethodHandle$Holder.invokeSpecialIFC(java.lang.Object, java.lang.Object, java.lang.Object, java.lang.Object)'> (0x0000000088192c90) thrown at [./src/hotspot/share/interpreter/linkResolver.cpp, line 773]

Events (20 events):
Event: 49.240 loading class com/android/tools/r8/graph/n0$a
Event: 49.240 loading class com/android/tools/r8/graph/n0$a done
Event: 49.241 loading class com/android/tools/r8/graph/n0$a
Event: 49.241 loading class com/android/tools/r8/graph/n0$a done
Event: 49.242 loading class com/android/tools/r8/graph/W0
Event: 49.242 loading class com/android/tools/r8/graph/W0 done
Event: 49.242 loading class com/android/tools/r8/graph/W0
Event: 49.242 loading class com/android/tools/r8/graph/W0 done
Event: 49.242 loading class com/android/tools/r8/graph/W0$a
Event: 49.242 loading class com/android/tools/r8/graph/W0$a done
Event: 49.242 loading class com/android/tools/r8/synthesis/w
Event: 49.242 loading class com/android/tools/r8/synthesis/w done
Event: 49.243 loading class com/android/tools/r8/graph/d3
Event: 49.243 loading class com/android/tools/r8/graph/d3 done
Event: 49.243 loading class com/android/tools/r8/internal/GZ
Event: 49.243 loading class com/android/tools/r8/internal/GZ done
Event: 49.243 loading class com/android/tools/r8/internal/pe
Event: 49.243 loading class com/android/tools/r8/internal/pe done
Event: 49.244 loading class com/android/tools/r8/ir/optimize/info/a
Event: 49.244 loading class com/android/tools/r8/ir/optimize/info/a done


Dynamic libraries:
0x00007ff67a810000 - 0x00007ff67a81a000 	C:\Program Files\Android\Android Studio\jre\bin\java.exe
0x00007ffa43420000 - 0x00007ffa43610000 	C:\Windows\SYSTEM32\ntdll.dll
0x00007ffa41690000 - 0x00007ffa41742000 	C:\Windows\System32\KERNEL32.DLL
0x00007ffa407d0000 - 0x00007ffa40a73000 	C:\Windows\System32\KERNELBASE.dll
0x00007ffa40580000 - 0x00007ffa4067a000 	C:\Windows\System32\ucrtbase.dll
0x00007ffa19eb0000 - 0x00007ffa19ec7000 	C:\Program Files\Android\Android Studio\jre\bin\VCRUNTIME140.dll
0x00007ffa19e90000 - 0x00007ffa19ea9000 	C:\Program Files\Android\Android Studio\jre\bin\jli.dll
0x00007ffa42c40000 - 0x00007ffa42dd4000 	C:\Windows\System32\USER32.dll
0x00007ffa414a0000 - 0x00007ffa414c1000 	C:\Windows\System32\win32u.dll
0x00007ffa415a0000 - 0x00007ffa415c6000 	C:\Windows\System32\GDI32.dll
0x00007ffa403e0000 - 0x00007ffa40574000 	C:\Windows\System32\gdi32full.dll
0x00007ffa412b0000 - 0x00007ffa4134e000 	C:\Windows\System32\msvcp_win.dll
0x00007ffa2b9e0000 - 0x00007ffa2bc65000 	C:\Windows\WinSxS\amd64_microsoft.windows.common-controls_6595b64144ccf1df_6.0.18362.535_none_e6c3b34713100821\COMCTL32.dll
0x00007ffa43260000 - 0x00007ffa432fe000 	C:\Windows\System32\msvcrt.dll
0x00007ffa424f0000 - 0x00007ffa42826000 	C:\Windows\System32\combase.dll
0x00007ffa41870000 - 0x00007ffa41990000 	C:\Windows\System32\RPCRT4.dll
0x00007ffa41370000 - 0x00007ffa413f0000 	C:\Windows\System32\bcryptPrimitives.dll
0x00007ffa414d0000 - 0x00007ffa414fe000 	C:\Windows\System32\IMM32.DLL
0x00007ffa19410000 - 0x00007ffa194ad000 	C:\Program Files\Android\Android Studio\jre\bin\msvcp140.dll
0x00007ff9f0910000 - 0x00007ff9f1412000 	C:\Program Files\Android\Android Studio\jre\bin\server\jvm.dll
0x00007ffa415d0000 - 0x00007ffa41673000 	C:\Windows\System32\ADVAPI32.dll
0x00007ffa41500000 - 0x00007ffa41597000 	C:\Windows\System32\sechost.dll
0x00007ffa42de0000 - 0x00007ffa42de8000 	C:\Windows\System32\PSAPI.DLL
0x00007ffa3aff0000 - 0x00007ffa3affa000 	C:\Windows\SYSTEM32\VERSION.dll
0x00007ffa2d140000 - 0x00007ffa2d149000 	C:\Windows\SYSTEM32\WSOCK32.dll
0x00007ffa3de30000 - 0x00007ffa3de54000 	C:\Windows\SYSTEM32\WINMM.dll
0x00007ffa421f0000 - 0x00007ffa4225f000 	C:\Windows\System32\WS2_32.dll
0x00007ffa3de00000 - 0x00007ffa3de2d000 	C:\Windows\SYSTEM32\WINMMBASE.dll
0x00007ffa40ae0000 - 0x00007ffa40b2a000 	C:\Windows\System32\cfgmgr32.dll
0x00007ffa40320000 - 0x00007ffa40331000 	C:\Windows\System32\kernel.appcore.dll
0x00007ffa1af10000 - 0x00007ffa1af21000 	C:\Program Files\Android\Android Studio\jre\bin\verify.dll
0x00007ffa3eb60000 - 0x00007ffa3ed54000 	C:\Windows\SYSTEM32\DBGHELP.DLL
0x00007ffa2a190000 - 0x00007ffa2a1ba000 	C:\Windows\SYSTEM32\dbgcore.DLL
0x00007ffa131d0000 - 0x00007ffa131f9000 	C:\Program Files\Android\Android Studio\jre\bin\java.dll
0x00007ffa29740000 - 0x00007ffa2974b000 	C:\Program Files\Android\Android Studio\jre\bin\jimage.dll
0x00007ffa14e40000 - 0x00007ffa14e58000 	C:\Program Files\Android\Android Studio\jre\bin\zip.dll
0x00007ffa41b00000 - 0x00007ffa421e5000 	C:\Windows\System32\SHELL32.dll
0x00007ffa41750000 - 0x00007ffa417f9000 	C:\Windows\System32\shcore.dll
0x00007ffa40b30000 - 0x00007ffa412af000 	C:\Windows\System32\windows.storage.dll
0x00007ffa40340000 - 0x00007ffa4035f000 	C:\Windows\System32\profapi.dll
0x00007ffa40360000 - 0x00007ffa403aa000 	C:\Windows\System32\powrprof.dll
0x00007ffa402f0000 - 0x00007ffa40300000 	C:\Windows\System32\UMPDC.dll
0x00007ffa43300000 - 0x00007ffa43352000 	C:\Windows\System32\shlwapi.dll
0x00007ffa41350000 - 0x00007ffa41367000 	C:\Windows\System32\cryptsp.dll
0x00007ffa14d30000 - 0x00007ffa14d4a000 	C:\Program Files\Android\Android Studio\jre\bin\net.dll
0x00007ffa37760000 - 0x00007ffa37850000 	C:\Windows\SYSTEM32\WINHTTP.dll
0x00007ffa3fb10000 - 0x00007ffa3fb77000 	C:\Windows\system32\mswsock.dll
0x00007ffa148b0000 - 0x00007ffa148c4000 	C:\Program Files\Android\Android Studio\jre\bin\nio.dll
0x00007ffa3b3c0000 - 0x00007ffa3b3e7000 	C:\Users\Asus\.gradle\native\e1d6ef7f7dcc3fd88c89a11ec53ec762bb8ba0a96d01ffa2cd45eb1d1d8dd5c5\windows-amd64\native-platform.dll
0x00007ffa0e0f0000 - 0x00007ffa0e234000 	C:\Users\Asus\.gradle\native\0d407fdbe67a94daf76414ababcb853783967236a71b16ec16e742cd7a986fd3\windows-amd64\native-platform-file-events.dll
0x00007ffa296c0000 - 0x00007ffa296ca000 	C:\Program Files\Android\Android Studio\jre\bin\management.dll
0x00007ffa29320000 - 0x00007ffa2932d000 	C:\Program Files\Android\Android Studio\jre\bin\management_ext.dll
0x00007ffa3f690000 - 0x00007ffa3f6c3000 	C:\Windows\system32\rsaenh.dll
0x00007ffa403b0000 - 0x00007ffa403d6000 	C:\Windows\System32\bcrypt.dll
0x00007ffa40210000 - 0x00007ffa40235000 	C:\Windows\SYSTEM32\USERENV.dll
0x00007ffa3fc90000 - 0x00007ffa3fc9c000 	C:\Windows\SYSTEM32\CRYPTBASE.dll
0x00007ffa3f830000 - 0x00007ffa3f86a000 	C:\Windows\SYSTEM32\IPHLPAPI.DLL
0x00007ffa41680000 - 0x00007ffa41688000 	C:\Windows\System32\NSI.dll
0x00007ffa3a900000 - 0x00007ffa3a916000 	C:\Windows\SYSTEM32\dhcpcsvc6.DLL
0x00007ffa3a8b0000 - 0x00007ffa3a8cc000 	C:\Windows\SYSTEM32\dhcpcsvc.DLL
0x00007ffa3f870000 - 0x00007ffa3f93a000 	C:\Windows\SYSTEM32\DNSAPI.dll
0x00007ffa3f2f0000 - 0x00007ffa3f321000 	C:\Windows\SYSTEM32\ntmarta.dll
0x00007ffa12c00000 - 0x00007ffa12c27000 	C:\Program Files\Android\Android Studio\jre\bin\sunec.dll
0x00007ffa38a70000 - 0x00007ffa38a7a000 	C:\Windows\System32\rasadhlp.dll
0x00007ffa3ab90000 - 0x00007ffa3ac07000 	C:\Windows\System32\fwpuclnt.dll
0x00007ffa3deb0000 - 0x00007ffa3df3f000 	C:\Windows\system32\apphelp.dll

dbghelp: loaded successfully - version: 4.0.5 - missing functions: none
symbol engine: initialized successfully - sym options: 0x614 - pdb path: .;C:\Program Files\Android\Android Studio\jre\bin;C:\Windows\SYSTEM32;C:\Windows\WinSxS\amd64_microsoft.windows.common-controls_6595b64144ccf1df_6.0.18362.535_none_e6c3b34713100821;C:\Program Files\Android\Android Studio\jre\bin\server;C:\Users\Asus\.gradle\native\e1d6ef7f7dcc3fd88c89a11ec53ec762bb8ba0a96d01ffa2cd45eb1d1d8dd5c5\windows-amd64;C:\Users\Asus\.gradle\native\0d407fdbe67a94daf76414ababcb853783967236a71b16ec16e742cd7a986fd3\windows-amd64

VM Arguments:
jvm_args: --add-opens=java.base/java.util=ALL-UNNAMED --add-opens=java.base/java.lang=ALL-UNNAMED --add-opens=java.base/java.lang.invoke=ALL-UNNAMED --add-opens=java.base/java.util=ALL-UNNAMED --add-opens=java.prefs/java.util.prefs=ALL-UNNAMED --add-opens=java.prefs/java.util.prefs=ALL-UNNAMED --add-opens=java.base/java.nio.charset=ALL-UNNAMED --add-opens=java.base/java.net=ALL-UNNAMED --add-opens=java.base/java.util.concurrent.atomic=ALL-UNNAMED -Xmx2048m -Dfile.encoding=UTF-8 -Duser.country=PE -Duser.language=es -Duser.variant 
java_command: org.gradle.launcher.daemon.bootstrap.GradleDaemon 7.4
java_class_path (initial): C:\Users\Asus\.gradle\wrapper\dists\gradle-7.4-bin\c0gwcg53nkjbqw7r0h0umtfvt\gradle-7.4\lib\gradle-launcher-7.4.jar
Launcher Type: SUN_STANDARD

[Global flags]
     intx CICompilerCount                          = 3                                         {product} {ergonomic}
     uint ConcGCThreads                            = 1                                         {product} {ergonomic}
     uint G1ConcRefinementThreads                  = 4                                         {product} {ergonomic}
   size_t G1HeapRegionSize                         = 1048576                                   {product} {ergonomic}
    uintx GCDrainStackTargetSize                   = 64                                        {product} {ergonomic}
   size_t InitialHeapSize                          = 134217728                                 {product} {ergonomic}
   size_t MarkStackSize                            = 4194304                                   {product} {ergonomic}
   size_t MaxHeapSize                              = 2147483648                                {product} {command line}
   size_t MaxNewSize                               = 1287651328                                {product} {ergonomic}
   size_t MinHeapDeltaBytes                        = 1048576                                   {product} {ergonomic}
    uintx NonNMethodCodeHeapSize                   = 5830732                                {pd product} {ergonomic}
    uintx NonProfiledCodeHeapSize                  = 122913754                              {pd product} {ergonomic}
    uintx ProfiledCodeHeapSize                     = 122913754                              {pd product} {ergonomic}
    uintx ReservedCodeCacheSize                    = 251658240                              {pd product} {ergonomic}
     bool SegmentedCodeCache                       = true                                      {product} {ergonomic}
     bool UseCompressedClassPointers               = true                                 {lp64_product} {ergonomic}
     bool UseCompressedOops                        = true                                 {lp64_product} {ergonomic}
     bool UseG1GC                                  = true                                      {product} {ergonomic}
     bool UseLargePagesIndividualAllocation        = false                                  {pd product} {ergonomic}

Logging:
Log output configuration:
 #0: stdout all=warning uptime,level,tags
 #1: stderr all=off uptime,level,tags

Environment Variables:
JAVA_HOME=C:\Program Files\Java\jdk-11.0.15.1\bin
CLASSPATH=D:\Cursos\CUARTO AÑO\Sistemas Distribuidos\Workspace\Chat CORBA\src
PATH=C:\Program Files\Common Files\Oracle\Java\javapath;C:\Program Files (x86)\Common Files\Oracle\Java\javapath;C:\Windows\system32;C:\Windows;C:\Windows\System32\Wbem;C:\Windows\System32\WindowsPowerShell\v1.0\;C:\Windows\System32\OpenSSH\;C:\Program Files\Java\jdk1.8.0_321\bin;C:\Program Files\Java\jdk-11.0.14\bin;C:\Program Files\Git\cmd;C:\Program Files\RabbitMQ Server\rabbitmq_server-3.9.13\sbin;C:\kafka\bin\windows;C:\kafka\config;C:\Program Files\Microsoft SQL Server\150\Tools\Binn\;C:\Program Files\Microsoft SQL Server\Client SDK\ODBC\170\Tools\Binn\;C:\Program Files\dotnet\;C:\Program Files\nodejs\;C:\Users\Asus\AppData\Local\Programs\Python\Python310\Scripts\;C:\Users\Asus\AppData\Local\Programs\Python\Python310\;C:\Program Files\Java\jdk-11.0.15.1\bin;C:\Users\Asus\.dotnet\tools;C:\Users\Asus\AppData\Local\Programs\Microsoft VS Code\bin;C:\Users\Asus\AppData\Roaming\npm
USERNAME=Asus
OS=Windows_NT
PROCESSOR_IDENTIFIER=Intel64 Family 6 Model 142 Stepping 9, GenuineIntel



---------------  S Y S T E M  ---------------

OS: Windows 10 , 64 bit Build 18362 (10.0.18362.329)
OS uptime: 2 days 0:45 hours
Hyper-V role detected

CPU:total 4 (initial active 4) (2 cores per cpu, 2 threads per core) family 6 model 142 stepping 9 microcode 0xb4, cmov, cx8, fxsr, mmx, sse, sse2, sse3, ssse3, sse4.1, sse4.2, popcnt, avx, avx2, aes, clmul, erms, 3dnowpref, lzcnt, ht, tsc, tscinvbit, bmi1, bmi2, adx, fma

Memory: 4k page, system-wide physical 8075M (156M free)
TotalPageFile size 11885M (AvailPageFile size 5M)
current process WorkingSet (physical memory assigned to process): 436M, peak: 436M
current process commit charge ("private bytes"): 477M, peak: 477M

vm_info: OpenJDK 64-Bit Server VM (11.0.13+0-b1751.21-8125866) for windows-amd64 JRE (11.0.13+0-b1751.21-8125866), built on Feb  2 2022 03:00:22 by "builder" with MS VC++ 14.0 (VS2015)

END.
