#
# There is insufficient memory for the Java Runtime Environment to continue.
# Native memory allocation (malloc) failed to allocate 1405456 bytes for Chunk::new
# Possible reasons:
#   The system is out of physical RAM or swap space
#   The process is running with CompressedOops enabled, and the Java Heap may be blocking the growth of the native heap
# Possible solutions:
#   Reduce memory load on the system
#   Increase physical memory or swap space
#   Check if swap backing store is full
#   Decrease Java heap size (-Xmx/-Xms)
#   Decrease number of Java threads
#   Decrease Java thread stack sizes (-Xss)
#   Set larger code cache with -XX:ReservedCodeCacheSize=
#   JVM is running with Unscaled Compressed Oops mode in which the Java heap is
#     placed in the first 4GB address space. The Java Heap base address is the
#     maximum limit for the native heap growth. Please use -XX:HeapBaseMinAddress
#     to set the Java Heap base and to place the Java Heap above 4GB virtual address.
# This output file may be truncated or incomplete.
#
#  Out of Memory Error (./src/hotspot/share/memory/arena.cpp:197), pid=13288, tid=3508
#
# JRE version: OpenJDK Runtime Environment (11.0.13) (build 11.0.13+0-b1751.21-8125866)
# Java VM: OpenJDK 64-Bit Server VM (11.0.13+0-b1751.21-8125866, mixed mode, tiered, compressed oops, g1 gc, windows-amd64)
# No core dump will be written. Minidumps are not enabled by default on client versions of Windows
#

---------------  S U M M A R Y ------------

Command Line: --add-opens=java.base/java.util=ALL-UNNAMED --add-opens=java.base/java.lang=ALL-UNNAMED --add-opens=java.base/java.lang.invoke=ALL-UNNAMED --add-opens=java.base/java.util=ALL-UNNAMED --add-opens=java.prefs/java.util.prefs=ALL-UNNAMED --add-opens=java.prefs/java.util.prefs=ALL-UNNAMED --add-opens=java.base/java.nio.charset=ALL-UNNAMED --add-opens=java.base/java.net=ALL-UNNAMED --add-opens=java.base/java.util.concurrent.atomic=ALL-UNNAMED -Xmx2048m -Dfile.encoding=UTF-8 -Duser.country=PE -Duser.language=es -Duser.variant org.gradle.launcher.daemon.bootstrap.GradleDaemon 7.4

Host: Intel(R) Core(TM) i7-7500U CPU @ 2.70GHz, 4 cores, 7G,  Windows 10 , 64 bit Build 18362 (10.0.18362.329)
Time: Sat May 20 23:40:45 2023 Hora est. Pacífico, Sudamérica elapsed time: 42.721066 seconds (0d 0h 0m 42s)

---------------  T H R E A D  ---------------

Current thread (0x000001c35b199000):  JavaThread "C2 CompilerThread0" daemon [_thread_in_native, id=3508, stack(0x0000005435100000,0x0000005435200000)]


Current CompileTask:
C2:  42722 13670       4       com.android.tools.r8.internal.Nn::a (1167 bytes)

Stack: [0x0000005435100000,0x0000005435200000]
Native frames: (J=compiled Java code, j=interpreted, Vv=VM code, C=native code)
V  [jvm.dll+0x6100fa]
V  [jvm.dll+0x747090]
V  [jvm.dll+0x7486ad]
V  [jvm.dll+0x748d83]
V  [jvm.dll+0x24ab48]
V  [jvm.dll+0xc04dc]
V  [jvm.dll+0xc0a0c]
V  [jvm.dll+0x35eb5b]
V  [jvm.dll+0x19d7bc]
V  [jvm.dll+0x2033be]
V  [jvm.dll+0x202437]
V  [jvm.dll+0x188e01]
V  [jvm.dll+0x21106b]
V  [jvm.dll+0x20f8c1]
V  [jvm.dll+0x70de0f]
V  [jvm.dll+0x706a75]
V  [jvm.dll+0x60ed66]
C  [ucrtbase.dll+0x20e72]
C  [KERNEL32.DLL+0x17bd4]
C  [ntdll.dll+0x6ced1]


---------------  P R O C E S S  ---------------

Threads class SMR info:
_java_thread_list=0x000001c35de072a0, length=89, elements={
0x000001c34156e000, 0x000001c35b170800, 0x000001c35b172800, 0x000001c35b18c000,
0x000001c35b18d000, 0x000001c35b191800, 0x000001c35b199000, 0x000001c35b19e000,
0x000001c35b1a1800, 0x000001c35bc65000, 0x000001c35d577800, 0x000001c35d1b4800,
0x000001c35cccf800, 0x000001c35e1f5800, 0x000001c35ce39800, 0x000001c35d411000,
0x000001c35d5a9000, 0x000001c35d5a9800, 0x000001c35e739800, 0x000001c35c99a800,
0x000001c35e7c0000, 0x000001c35e7c3000, 0x000001c35e7c1800, 0x000001c35e7c2800,
0x000001c35e7c0800, 0x000001c35e7c4000, 0x000001c35e7be800, 0x000001c35e7c5000,
0x000001c35e7bf000, 0x000001c35e1a4000, 0x000001c35e1a2000, 0x000001c35e1a4800,
0x000001c35e1a6800, 0x000001c35e1a0800, 0x000001c35e1a3000, 0x000001c35e1a7000,
0x000001c35e1a1800, 0x000001c35e1ad800, 0x000001c35e1a8000, 0x000001c35e1ae800,
0x000001c35e1a9000, 0x000001c35e1ad000, 0x000001c35e1af800, 0x000001c35e1a9800,
0x000001c35e1ab000, 0x000001c35e1ac000, 0x000001c35e1aa800, 0x000001c35f955000,
0x000001c35f951000, 0x000001c35f950800, 0x000001c35f952000, 0x000001c35f952800,
0x000001c35f953800, 0x000001c35f94f800, 0x000001c35f956000, 0x000001c35f95a000,
0x000001c35f954800, 0x000001c35f958800, 0x000001c35f95b000, 0x000001c35f959800,
0x000001c35f95b800, 0x000001c35f95c800, 0x000001c35f957000, 0x000001c35f957800,
0x000001c35f95e000, 0x000001c35f95d800, 0x000001c361c71000, 0x000001c361c71800,
0x000001c361c75000, 0x000001c361c72800, 0x000001c361c70000, 0x000001c361c78000,
0x000001c361c73000, 0x000001c361c76800, 0x000001c361c74000, 0x000001c361c79000,
0x000001c361c7a000, 0x000001c361c7b800, 0x000001c361c75800, 0x000001c361c7c000,
0x000001c361c7a800, 0x000001c361c7d000, 0x000001c361c77800, 0x000001c361c7e000,
0x000001c361c7e800, 0x000001c35f06c800, 0x000001c35f070000, 0x000001c35f072800,
0x000001c35f06f000
}

Java Threads: ( => current thread )
  0x000001c34156e000 JavaThread "main" [_thread_blocked, id=4420, stack(0x0000005434500000,0x0000005434600000)]
  0x000001c35b170800 JavaThread "Reference Handler" daemon [_thread_blocked, id=14436, stack(0x0000005434c00000,0x0000005434d00000)]
  0x000001c35b172800 JavaThread "Finalizer" daemon [_thread_blocked, id=7804, stack(0x0000005434d00000,0x0000005434e00000)]
  0x000001c35b18c000 JavaThread "Signal Dispatcher" daemon [_thread_blocked, id=3892, stack(0x0000005434e00000,0x0000005434f00000)]
  0x000001c35b18d000 JavaThread "Attach Listener" daemon [_thread_blocked, id=15076, stack(0x0000005434f00000,0x0000005435000000)]
  0x000001c35b191800 JavaThread "Service Thread" daemon [_thread_blocked, id=5980, stack(0x0000005435000000,0x0000005435100000)]
=>0x000001c35b199000 JavaThread "C2 CompilerThread0" daemon [_thread_in_native, id=3508, stack(0x0000005435100000,0x0000005435200000)]
  0x000001c35b19e000 JavaThread "C1 CompilerThread0" daemon [_thread_blocked, id=8668, stack(0x0000005435200000,0x0000005435300000)]
  0x000001c35b1a1800 JavaThread "Sweeper thread" daemon [_thread_blocked, id=5412, stack(0x0000005435300000,0x0000005435400000)]
  0x000001c35bc65000 JavaThread "Common-Cleaner" daemon [_thread_blocked, id=7576, stack(0x0000005435400000,0x0000005435500000)]
  0x000001c35d577800 JavaThread "Daemon health stats" [_thread_blocked, id=15104, stack(0x0000005435a00000,0x0000005435b00000)]
  0x000001c35d1b4800 JavaThread "Incoming local TCP Connector on port 50330" [_thread_in_native, id=10108, stack(0x0000005435600000,0x0000005435700000)]
  0x000001c35cccf800 JavaThread "Daemon periodic checks" [_thread_blocked, id=10224, stack(0x0000005435b00000,0x0000005435c00000)]
  0x000001c35e1f5800 JavaThread "Daemon" [_thread_blocked, id=10244, stack(0x0000005435c00000,0x0000005435d00000)]
  0x000001c35ce39800 JavaThread "Handler for socket connection from /127.0.0.1:50330 to /127.0.0.1:50331" [_thread_in_native, id=13364, stack(0x0000005435d00000,0x0000005435e00000)]
  0x000001c35d411000 JavaThread "Cancel handler" [_thread_blocked, id=3416, stack(0x0000005435e00000,0x0000005435f00000)]
  0x000001c35d5a9000 JavaThread "Daemon worker" [_thread_blocked, id=3140, stack(0x0000005435f00000,0x0000005436000000)]
  0x000001c35d5a9800 JavaThread "Asynchronous log dispatcher for DefaultDaemonConnection: socket connection from /127.0.0.1:50330 to /127.0.0.1:50331" [_thread_blocked, id=3640, stack(0x0000005436000000,0x0000005436100000)]
  0x000001c35e739800 JavaThread "Stdin handler" [_thread_blocked, id=10152, stack(0x0000005436100000,0x0000005436200000)]
  0x000001c35c99a800 JavaThread "Daemon client event forwarder" [_thread_blocked, id=6716, stack(0x0000005436200000,0x0000005436300000)]
  0x000001c35e7c0000 JavaThread "Cache worker for journal cache (C:\Users\Asus\.gradle\caches\journal-1)" [_thread_blocked, id=1848, stack(0x0000005436400000,0x0000005436500000)]
  0x000001c35e7c3000 JavaThread "File lock request listener" [_thread_in_native, id=15236, stack(0x0000005436500000,0x0000005436600000)]
  0x000001c35e7c1800 JavaThread "Cache worker for file hash cache (C:\Users\Asus\.gradle\caches\7.4\fileHashes)" [_thread_blocked, id=9524, stack(0x0000005436600000,0x0000005436700000)]
  0x000001c35e7c2800 JavaThread "File watcher server" daemon [_thread_in_native, id=10360, stack(0x0000005436800000,0x0000005436900000)]
  0x000001c35e7c0800 JavaThread "File watcher consumer" daemon [_thread_blocked, id=12400, stack(0x0000005436900000,0x0000005436a00000)]
  0x000001c35e7c4000 JavaThread "Cache worker for checksums cache (C:\Users\Asus\AndroidStudioProjects\CRUD_Jetpack_Compose\.gradle\7.4\checksums)" [_thread_blocked, id=9272, stack(0x0000005436a00000,0x0000005436b00000)]
  0x000001c35e7be800 JavaThread "Cache worker for cache directory md-rule (C:\Users\Asus\.gradle\caches\7.4\md-rule)" [_thread_blocked, id=6812, stack(0x0000005436b00000,0x0000005436c00000)]
  0x000001c35e7c5000 JavaThread "Cache worker for file hash cache (C:\Users\Asus\AndroidStudioProjects\CRUD_Jetpack_Compose\.gradle\7.4\fileHashes)" [_thread_blocked, id=12996, stack(0x0000005436c00000,0x0000005436d00000)]
  0x000001c35e7bf000 JavaThread "Cache worker for cache directory md-supplier (C:\Users\Asus\.gradle\caches\7.4\md-supplier)" [_thread_blocked, id=6608, stack(0x0000005436d00000,0x0000005436e00000)]
  0x000001c35e1a4000 JavaThread "Cache worker for execution history cache (C:\Users\Asus\.gradle\caches\7.4\executionHistory)" [_thread_blocked, id=1616, stack(0x0000005436e00000,0x0000005436f00000)]
  0x000001c35e1a2000 JavaThread "jar transforms" [_thread_blocked, id=1468, stack(0x0000005436f00000,0x0000005437000000)]
  0x000001c35e1a4800 JavaThread "Cache worker for file content cache (C:\Users\Asus\.gradle\caches\7.4\fileContent)" [_thread_blocked, id=9596, stack(0x0000005437000000,0x0000005437100000)]
  0x000001c35e1a6800 JavaThread "jar transforms Thread 2" [_thread_blocked, id=7548, stack(0x0000005437100000,0x0000005437200000)]
  0x000001c35e1a0800 JavaThread "Cache worker for dependencies-accessors (C:\Users\Asus\AndroidStudioProjects\CRUD_Jetpack_Compose\.gradle\7.4\dependencies-accessors)" [_thread_blocked, id=9752, stack(0x0000005437200000,0x0000005437300000)]
  0x000001c35e1a3000 JavaThread "jar transforms Thread 3" [_thread_blocked, id=12524, stack(0x0000005436700000,0x0000005436800000)]
  0x000001c35e1a7000 JavaThread "Cache worker for Build Output Cleanup Cache (C:\Users\Asus\AndroidStudioProjects\CRUD_Jetpack_Compose\.gradle\buildOutputCleanup)" [_thread_blocked, id=11908, stack(0x0000005437300000,0x0000005437400000)]
  0x000001c35e1a1800 JavaThread "Unconstrained build operations" [_thread_blocked, id=10612, stack(0x0000005437400000,0x0000005437500000)]
  0x000001c35e1ad800 JavaThread "Unconstrained build operations Thread 2" [_thread_in_Java, id=14828, stack(0x0000005437500000,0x0000005437600000)]
  0x000001c35e1a8000 JavaThread "Unconstrained build operations Thread 3" [_thread_blocked, id=10716, stack(0x0000005437600000,0x0000005437700000)]
  0x000001c35e1ae800 JavaThread "Unconstrained build operations Thread 4" [_thread_blocked, id=9084, stack(0x0000005437700000,0x0000005437800000)]
  0x000001c35e1a9000 JavaThread "Unconstrained build operations Thread 5" [_thread_in_Java, id=8888, stack(0x0000005437800000,0x0000005437900000)]
  0x000001c35e1ad000 JavaThread "Unconstrained build operations Thread 6" [_thread_blocked, id=12092, stack(0x0000005437900000,0x0000005437a00000)]
  0x000001c35e1af800 JavaThread "Unconstrained build operations Thread 7" [_thread_blocked, id=12548, stack(0x0000005437a00000,0x0000005437b00000)]
  0x000001c35e1a9800 JavaThread "Unconstrained build operations Thread 8" [_thread_blocked, id=2472, stack(0x0000005437b00000,0x0000005437c00000)]
  0x000001c35e1ab000 JavaThread "Unconstrained build operations Thread 9" [_thread_blocked, id=3596, stack(0x0000005437c00000,0x0000005437d00000)]
  0x000001c35e1ac000 JavaThread "Unconstrained build operations Thread 10" [_thread_blocked, id=1956, stack(0x0000005437d00000,0x0000005437e00000)]
  0x000001c35e1aa800 JavaThread "Unconstrained build operations Thread 11" [_thread_blocked, id=10604, stack(0x0000005437e00000,0x0000005437f00000)]
  0x000001c35f955000 JavaThread "Unconstrained build operations Thread 12" [_thread_blocked, id=11320, stack(0x0000005437f00000,0x0000005438000000)]
  0x000001c35f951000 JavaThread "Unconstrained build operations Thread 13" [_thread_blocked, id=2168, stack(0x0000005438000000,0x0000005438100000)]
  0x000001c35f950800 JavaThread "Unconstrained build operations Thread 14" [_thread_blocked, id=7788, stack(0x0000005438100000,0x0000005438200000)]
  0x000001c35f952000 JavaThread "Unconstrained build operations Thread 15" [_thread_blocked, id=5936, stack(0x0000005438200000,0x0000005438300000)]
  0x000001c35f952800 JavaThread "Unconstrained build operations Thread 16" [_thread_blocked, id=10136, stack(0x0000005438300000,0x0000005438400000)]
  0x000001c35f953800 JavaThread "Unconstrained build operations Thread 17" [_thread_blocked, id=3732, stack(0x0000005438400000,0x0000005438500000)]
  0x000001c35f94f800 JavaThread "Unconstrained build operations Thread 18" [_thread_blocked, id=12044, stack(0x0000005438500000,0x0000005438600000)]
  0x000001c35f956000 JavaThread "Unconstrained build operations Thread 19" [_thread_blocked, id=9412, stack(0x0000005438600000,0x0000005438700000)]
  0x000001c35f95a000 JavaThread "Unconstrained build operations Thread 20" [_thread_blocked, id=14512, stack(0x0000005438700000,0x0000005438800000)]
  0x000001c35f954800 JavaThread "Unconstrained build operations Thread 21" [_thread_blocked, id=14868, stack(0x0000005438800000,0x0000005438900000)]
  0x000001c35f958800 JavaThread "Unconstrained build operations Thread 22" [_thread_blocked, id=12920, stack(0x0000005438900000,0x0000005438a00000)]
  0x000001c35f95b000 JavaThread "Unconstrained build operations Thread 23" [_thread_blocked, id=11132, stack(0x0000005438a00000,0x0000005438b00000)]
  0x000001c35f959800 JavaThread "Unconstrained build operations Thread 24" [_thread_blocked, id=196, stack(0x0000005438b00000,0x0000005438c00000)]
  0x000001c35f95b800 JavaThread "Unconstrained build operations Thread 25" [_thread_blocked, id=3260, stack(0x0000005438c00000,0x0000005438d00000)]
  0x000001c35f95c800 JavaThread "Unconstrained build operations Thread 26" [_thread_blocked, id=12248, stack(0x0000005438d00000,0x0000005438e00000)]
  0x000001c35f957000 JavaThread "Unconstrained build operations Thread 27" [_thread_in_vm, id=14068, stack(0x0000005438e00000,0x0000005438f00000)]
  0x000001c35f957800 JavaThread "Unconstrained build operations Thread 28" [_thread_blocked, id=13732, stack(0x0000005438f00000,0x0000005439000000)]
  0x000001c35f95e000 JavaThread "Unconstrained build operations Thread 29" [_thread_blocked, id=12840, stack(0x0000005439000000,0x0000005439100000)]
  0x000001c35f95d800 JavaThread "Unconstrained build operations Thread 30" [_thread_blocked, id=2604, stack(0x0000005439100000,0x0000005439200000)]
  0x000001c361c71000 JavaThread "Unconstrained build operations Thread 31" [_thread_blocked, id=9736, stack(0x0000005439200000,0x0000005439300000)]
  0x000001c361c71800 JavaThread "Unconstrained build operations Thread 32" [_thread_blocked, id=7700, stack(0x0000005439300000,0x0000005439400000)]
  0x000001c361c75000 JavaThread "Unconstrained build operations Thread 33" [_thread_blocked, id=14392, stack(0x0000005439400000,0x0000005439500000)]
  0x000001c361c72800 JavaThread "Unconstrained build operations Thread 34" [_thread_blocked, id=12820, stack(0x0000005439500000,0x0000005439600000)]
  0x000001c361c70000 JavaThread "Unconstrained build operations Thread 35" [_thread_blocked, id=2476, stack(0x0000005439600000,0x0000005439700000)]
  0x000001c361c78000 JavaThread "Unconstrained build operations Thread 36" [_thread_blocked, id=3680, stack(0x0000005439700000,0x0000005439800000)]
  0x000001c361c73000 JavaThread "Unconstrained build operations Thread 37" [_thread_blocked, id=1852, stack(0x0000005439800000,0x0000005439900000)]
  0x000001c361c76800 JavaThread "Unconstrained build operations Thread 38" [_thread_blocked, id=6712, stack(0x0000005439900000,0x0000005439a00000)]
  0x000001c361c74000 JavaThread "Unconstrained build operations Thread 39" [_thread_blocked, id=13712, stack(0x0000005439a00000,0x0000005439b00000)]
  0x000001c361c79000 JavaThread "Unconstrained build operations Thread 40" [_thread_blocked, id=4060, stack(0x0000005439b00000,0x0000005439c00000)]
  0x000001c361c7a000 JavaThread "jar transforms Thread 4" [_thread_blocked, id=7384, stack(0x0000005439c00000,0x0000005439d00000)]
  0x000001c361c7b800 JavaThread "Memory manager" [_thread_blocked, id=14808, stack(0x0000005439d00000,0x0000005439e00000)]
  0x000001c361c75800 JavaThread "build event listener" [_thread_blocked, id=14560, stack(0x0000005439e00000,0x0000005439f00000)]
  0x000001c361c7c000 JavaThread "build event listener" [_thread_blocked, id=2832, stack(0x0000005439f00000,0x000000543a000000)]
  0x000001c361c7a800 JavaThread "included builds" [_thread_blocked, id=2336, stack(0x000000543a000000,0x000000543a100000)]
  0x000001c361c7d000 JavaThread "Execution worker for ':'" [_thread_blocked, id=4368, stack(0x000000543a100000,0x000000543a200000)]
  0x000001c361c77800 JavaThread "Execution worker for ':' Thread 2" [_thread_blocked, id=8448, stack(0x000000543a200000,0x000000543a300000)]
  0x000001c361c7e000 JavaThread "Execution worker for ':' Thread 3" [_thread_blocked, id=8012, stack(0x000000543a300000,0x000000543a400000)]
  0x000001c361c7e800 JavaThread "Cache worker for execution history cache (C:\Users\Asus\AndroidStudioProjects\CRUD_Jetpack_Compose\.gradle\7.4\executionHistory)" [_thread_blocked, id=2448, stack(0x000000543a600000,0x000000543a700000)]
  0x000001c35f06c800 JavaThread "WorkerExecutor Queue" [_thread_blocked, id=10836, stack(0x000000543a700000,0x000000543a800000)]
  0x000001c35f070000 JavaThread "pool-3-thread-1" [_thread_blocked, id=6744, stack(0x000000543a800000,0x000000543a900000)]
  0x000001c35f072800 JavaThread "stderr" [_thread_in_native, id=12592, stack(0x000000543a900000,0x000000543aa00000)]
  0x000001c35f06f000 JavaThread "stdout" [_thread_in_native, id=14056, stack(0x000000543aa00000,0x000000543ab00000)]

Other Threads:
  0x000001c35b16c800 VMThread "VM Thread" [stack: 0x0000005434b00000,0x0000005434c00000] [id=8052]
  0x000001c35bc88800 WatcherThread [stack: 0x0000005435500000,0x0000005435600000] [id=1568]
  0x000001c341587800 GCTaskThread "GC Thread#0" [stack: 0x0000005434600000,0x0000005434700000] [id=14796]
  0x000001c35bd35000 GCTaskThread "GC Thread#1" [stack: 0x0000005435700000,0x0000005435800000] [id=14072]
  0x000001c35c452000 GCTaskThread "GC Thread#2" [stack: 0x0000005435800000,0x0000005435900000] [id=13960]
  0x000001c35e481800 GCTaskThread "GC Thread#3" [stack: 0x0000005436300000,0x0000005436400000] [id=2732]
  0x000001c3415b8000 ConcurrentGCThread "G1 Main Marker" [stack: 0x0000005434700000,0x0000005434800000] [id=12212]
  0x000001c3415ba000 ConcurrentGCThread "G1 Conc#0" [stack: 0x0000005434800000,0x0000005434900000] [id=8432]
  0x000001c35afc0800 ConcurrentGCThread "G1 Refine#0" [stack: 0x0000005434900000,0x0000005434a00000] [id=4576]
  0x000001c35d64d000 ConcurrentGCThread "G1 Refine#1" [stack: 0x0000005435900000,0x0000005435a00000] [id=2760]
  0x000001c35afc1800 ConcurrentGCThread "G1 Young RemSet Sampling" [stack: 0x0000005434a00000,0x0000005434b00000] [id=1516]

Threads with active compile tasks:
C2 CompilerThread0  42806 13670       4       com.android.tools.r8.internal.Nn::a (1167 bytes)

VM state:not at safepoint (normal execution)

VM Mutex/Monitor currently owned by a thread: None

Heap address: 0x0000000080000000, size: 2048 MB, Compressed Oops mode: 32-bit
Narrow klass base: 0x0000000000000000, Narrow klass shift: 3
Compressed class space size: 1073741824 Address: 0x0000000100000000

Heap:
 garbage-first heap   total 157696K, used 113406K [0x0000000080000000, 0x0000000100000000)
  region size 1024K, 27 young (27648K), 3 survivors (3072K)
 Metaspace       used 106777K, capacity 109581K, committed 110160K, reserved 1144832K
  class space    used 13709K, capacity 14802K, committed 15104K, reserved 1048576K
Heap Regions: E=young(eden), S=young(survivor), O=old, HS=humongous(starts), HC=humongous(continues), CS=collection set, F=free, A=archive, TAMS=top-at-mark-start (previous, next)
|   0|0x0000000080000000, 0x0000000080100000, 0x0000000080100000|100%|HS|  |TAMS 0x0000000080100000, 0x0000000080000000| Complete 
|   1|0x0000000080100000, 0x0000000080200000, 0x0000000080200000|100%|HC|  |TAMS 0x0000000080200000, 0x0000000080100000| Complete 
|   2|0x0000000080200000, 0x0000000080300000, 0x0000000080300000|100%|HC|  |TAMS 0x0000000080300000, 0x0000000080200000| Complete 
|   3|0x0000000080300000, 0x0000000080400000, 0x0000000080400000|100%| O|  |TAMS 0x0000000080400000, 0x0000000080300000| Untracked 
|   4|0x0000000080400000, 0x0000000080500000, 0x0000000080500000|100%| O|  |TAMS 0x0000000080500000, 0x0000000080400000| Untracked 
|   5|0x0000000080500000, 0x0000000080600000, 0x0000000080600000|100%| O|  |TAMS 0x0000000080600000, 0x0000000080500000| Untracked 
|   6|0x0000000080600000, 0x0000000080700000, 0x0000000080700000|100%| O|  |TAMS 0x0000000080700000, 0x0000000080600000| Untracked 
|   7|0x0000000080700000, 0x0000000080800000, 0x0000000080800000|100%| O|  |TAMS 0x0000000080800000, 0x0000000080700000| Untracked 
|   8|0x0000000080800000, 0x0000000080900000, 0x0000000080900000|100%| O|  |TAMS 0x0000000080900000, 0x0000000080800000| Untracked 
|   9|0x0000000080900000, 0x0000000080a00000, 0x0000000080a00000|100%| O|  |TAMS 0x0000000080a00000, 0x0000000080900000| Untracked 
|  10|0x0000000080a00000, 0x0000000080b00000, 0x0000000080b00000|100%| O|  |TAMS 0x0000000080b00000, 0x0000000080a00000| Untracked 
|  11|0x0000000080b00000, 0x0000000080c00000, 0x0000000080c00000|100%| O|  |TAMS 0x0000000080c00000, 0x0000000080b00000| Untracked 
|  12|0x0000000080c00000, 0x0000000080d00000, 0x0000000080d00000|100%| O|  |TAMS 0x0000000080d00000, 0x0000000080c00000| Untracked 
|  13|0x0000000080d00000, 0x0000000080e00000, 0x0000000080e00000|100%| O|  |TAMS 0x0000000080e00000, 0x0000000080d00000| Untracked 
|  14|0x0000000080e00000, 0x0000000080f00000, 0x0000000080f00000|100%| O|  |TAMS 0x0000000080f00000, 0x0000000080e00000| Untracked 
|  15|0x0000000080f00000, 0x0000000081000000, 0x0000000081000000|100%| O|  |TAMS 0x0000000081000000, 0x0000000080f00000| Untracked 
|  16|0x0000000081000000, 0x0000000081100000, 0x0000000081100000|100%| O|  |TAMS 0x0000000081100000, 0x0000000081000000| Untracked 
|  17|0x0000000081100000, 0x0000000081200000, 0x0000000081200000|100%|HS|  |TAMS 0x0000000081200000, 0x0000000081100000| Complete 
|  18|0x0000000081200000, 0x0000000081300000, 0x0000000081300000|100%| O|  |TAMS 0x0000000081300000, 0x0000000081200000| Untracked 
|  19|0x0000000081300000, 0x0000000081400000, 0x0000000081400000|100%| O|  |TAMS 0x0000000081400000, 0x0000000081300000| Untracked 
|  20|0x0000000081400000, 0x0000000081500000, 0x0000000081500000|100%| O|  |TAMS 0x0000000081500000, 0x0000000081400000| Untracked 
|  21|0x0000000081500000, 0x0000000081600000, 0x0000000081600000|100%| O|  |TAMS 0x0000000081600000, 0x0000000081500000| Untracked 
|  22|0x0000000081600000, 0x0000000081700000, 0x0000000081700000|100%| O|  |TAMS 0x0000000081700000, 0x0000000081600000| Untracked 
|  23|0x0000000081700000, 0x0000000081800000, 0x0000000081800000|100%|HS|  |TAMS 0x0000000081800000, 0x0000000081700000| Complete 
|  24|0x0000000081800000, 0x0000000081900000, 0x0000000081900000|100%|HS|  |TAMS 0x0000000081900000, 0x0000000081800000| Complete 
|  25|0x0000000081900000, 0x0000000081a00000, 0x0000000081a00000|100%|HS|  |TAMS 0x0000000081a00000, 0x0000000081900000| Complete 
|  26|0x0000000081a00000, 0x0000000081b00000, 0x0000000081b00000|100%|HC|  |TAMS 0x0000000081b00000, 0x0000000081a00000| Complete 
|  27|0x0000000081b00000, 0x0000000081c00000, 0x0000000081c00000|100%|HC|  |TAMS 0x0000000081c00000, 0x0000000081b00000| Complete 
|  28|0x0000000081c00000, 0x0000000081d00000, 0x0000000081d00000|100%| O|  |TAMS 0x0000000081d00000, 0x0000000081c00000| Untracked 
|  29|0x0000000081d00000, 0x0000000081e00000, 0x0000000081e00000|100%| O|  |TAMS 0x0000000081e00000, 0x0000000081d00000| Untracked 
|  30|0x0000000081e00000, 0x0000000081f00000, 0x0000000081f00000|100%| O|  |TAMS 0x0000000081f00000, 0x0000000081e00000| Untracked 
|  31|0x0000000081f00000, 0x0000000082000000, 0x0000000082000000|100%| O|  |TAMS 0x0000000082000000, 0x0000000081f00000| Untracked 
|  32|0x0000000082000000, 0x0000000082100000, 0x0000000082100000|100%| O|  |TAMS 0x0000000082100000, 0x0000000082000000| Untracked 
|  33|0x0000000082100000, 0x0000000082200000, 0x0000000082200000|100%| O|  |TAMS 0x0000000082200000, 0x0000000082100000| Untracked 
|  34|0x0000000082200000, 0x0000000082300000, 0x0000000082300000|100%|HS|  |TAMS 0x0000000082300000, 0x0000000082200000| Complete 
|  35|0x0000000082300000, 0x0000000082400000, 0x0000000082400000|100%|HC|  |TAMS 0x0000000082400000, 0x0000000082300000| Complete 
|  36|0x0000000082400000, 0x0000000082500000, 0x0000000082500000|100%| O|  |TAMS 0x0000000082500000, 0x0000000082400000| Untracked 
|  37|0x0000000082500000, 0x0000000082600000, 0x0000000082600000|100%| O|  |TAMS 0x0000000082600000, 0x0000000082500000| Untracked 
|  38|0x0000000082600000, 0x0000000082700000, 0x0000000082700000|100%| O|  |TAMS 0x0000000082700000, 0x0000000082600000| Untracked 
|  39|0x0000000082700000, 0x0000000082800000, 0x0000000082800000|100%| O|  |TAMS 0x0000000082800000, 0x0000000082700000| Untracked 
|  40|0x0000000082800000, 0x0000000082900000, 0x0000000082900000|100%| O|  |TAMS 0x0000000082900000, 0x0000000082800000| Untracked 
|  41|0x0000000082900000, 0x0000000082a00000, 0x0000000082a00000|100%| O|  |TAMS 0x0000000082a00000, 0x0000000082900000| Untracked 
|  42|0x0000000082a00000, 0x0000000082b00000, 0x0000000082b00000|100%| O|  |TAMS 0x0000000082b00000, 0x0000000082a00000| Untracked 
|  43|0x0000000082b00000, 0x0000000082c00000, 0x0000000082c00000|100%| O|  |TAMS 0x0000000082c00000, 0x0000000082b00000| Untracked 
|  44|0x0000000082c00000, 0x0000000082d00000, 0x0000000082d00000|100%| O|  |TAMS 0x0000000082d00000, 0x0000000082c00000| Untracked 
|  45|0x0000000082d00000, 0x0000000082e00000, 0x0000000082e00000|100%| O|  |TAMS 0x0000000082e00000, 0x0000000082d00000| Untracked 
|  46|0x0000000082e00000, 0x0000000082f00000, 0x0000000082f00000|100%| O|  |TAMS 0x0000000082f00000, 0x0000000082e00000| Untracked 
|  47|0x0000000082f00000, 0x0000000083000000, 0x0000000083000000|100%| O|  |TAMS 0x0000000083000000, 0x0000000082f00000| Untracked 
|  48|0x0000000083000000, 0x0000000083100000, 0x0000000083100000|100%| O|  |TAMS 0x0000000083100000, 0x0000000083000000| Untracked 
|  49|0x0000000083100000, 0x0000000083200000, 0x0000000083200000|100%| O|  |TAMS 0x0000000083200000, 0x0000000083100000| Untracked 
|  50|0x0000000083200000, 0x0000000083300000, 0x0000000083300000|100%| O|  |TAMS 0x0000000083300000, 0x0000000083200000| Untracked 
|  51|0x0000000083300000, 0x0000000083400000, 0x0000000083400000|100%| O|  |TAMS 0x0000000083400000, 0x0000000083300000| Untracked 
|  52|0x0000000083400000, 0x0000000083500000, 0x0000000083500000|100%| O|  |TAMS 0x0000000083500000, 0x0000000083400000| Untracked 
|  53|0x0000000083500000, 0x0000000083600000, 0x0000000083600000|100%| O|  |TAMS 0x0000000083600000, 0x0000000083500000| Untracked 
|  54|0x0000000083600000, 0x0000000083700000, 0x0000000083700000|100%| O|  |TAMS 0x0000000083700000, 0x0000000083600000| Untracked 
|  55|0x0000000083700000, 0x0000000083800000, 0x0000000083800000|100%| O|  |TAMS 0x0000000083800000, 0x0000000083700000| Untracked 
|  56|0x0000000083800000, 0x0000000083900000, 0x0000000083900000|100%| O|  |TAMS 0x0000000083900000, 0x0000000083800000| Untracked 
|  57|0x0000000083900000, 0x0000000083a00000, 0x0000000083a00000|100%| O|  |TAMS 0x0000000083a00000, 0x0000000083900000| Untracked 
|  58|0x0000000083a00000, 0x0000000083b00000, 0x0000000083b00000|100%| O|  |TAMS 0x0000000083b00000, 0x0000000083a00000| Untracked 
|  59|0x0000000083b00000, 0x0000000083c00000, 0x0000000083c00000|100%| O|  |TAMS 0x0000000083c00000, 0x0000000083b00000| Untracked 
|  60|0x0000000083c00000, 0x0000000083d00000, 0x0000000083d00000|100%| O|  |TAMS 0x0000000083d00000, 0x0000000083c00000| Untracked 
|  61|0x0000000083d00000, 0x0000000083e00000, 0x0000000083e00000|100%| O|  |TAMS 0x0000000083e00000, 0x0000000083d00000| Untracked 
|  62|0x0000000083e00000, 0x0000000083f00000, 0x0000000083f00000|100%| O|  |TAMS 0x0000000083f00000, 0x0000000083e00000| Untracked 
|  63|0x0000000083f00000, 0x0000000084000000, 0x0000000084000000|100%| O|  |TAMS 0x0000000084000000, 0x0000000083f00000| Untracked 
|  64|0x0000000084000000, 0x0000000084100000, 0x0000000084100000|100%| O|  |TAMS 0x0000000084100000, 0x0000000084000000| Untracked 
|  65|0x0000000084100000, 0x0000000084200000, 0x0000000084200000|100%| O|  |TAMS 0x0000000084200000, 0x0000000084100000| Untracked 
|  66|0x0000000084200000, 0x0000000084300000, 0x0000000084300000|100%| O|  |TAMS 0x0000000084300000, 0x0000000084200000| Untracked 
|  67|0x0000000084300000, 0x0000000084400000, 0x0000000084400000|100%| O|  |TAMS 0x0000000084400000, 0x0000000084300000| Untracked 
|  68|0x0000000084400000, 0x0000000084500000, 0x0000000084500000|100%| O|  |TAMS 0x0000000084500000, 0x0000000084400000| Untracked 
|  69|0x0000000084500000, 0x0000000084600000, 0x0000000084600000|100%| O|  |TAMS 0x0000000084600000, 0x0000000084500000| Untracked 
|  70|0x0000000084600000, 0x0000000084700000, 0x0000000084700000|100%| O|  |TAMS 0x0000000084700000, 0x0000000084600000| Untracked 
|  71|0x0000000084700000, 0x0000000084800000, 0x0000000084800000|100%| O|  |TAMS 0x0000000084800000, 0x0000000084700000| Untracked 
|  72|0x0000000084800000, 0x0000000084900000, 0x0000000084900000|100%| O|  |TAMS 0x0000000084900000, 0x0000000084800000| Untracked 
|  73|0x0000000084900000, 0x0000000084a00000, 0x0000000084a00000|100%| O|  |TAMS 0x0000000084a00000, 0x0000000084900000| Untracked 
|  74|0x0000000084a00000, 0x0000000084b00000, 0x0000000084b00000|100%| O|  |TAMS 0x0000000084b00000, 0x0000000084a00000| Untracked 
|  75|0x0000000084b00000, 0x0000000084c00000, 0x0000000084c00000|100%| O|  |TAMS 0x0000000084c00000, 0x0000000084b00000| Untracked 
|  76|0x0000000084c00000, 0x0000000084d00000, 0x0000000084d00000|100%| O|  |TAMS 0x0000000084d00000, 0x0000000084c00000| Untracked 
|  77|0x0000000084d00000, 0x0000000084e00000, 0x0000000084e00000|100%| O|  |TAMS 0x0000000084e00000, 0x0000000084d00000| Untracked 
|  78|0x0000000084e00000, 0x0000000084f00000, 0x0000000084f00000|100%| O|  |TAMS 0x0000000084f00000, 0x0000000084e00000| Untracked 
|  79|0x0000000084f00000, 0x0000000085000000, 0x0000000085000000|100%| O|  |TAMS 0x0000000085000000, 0x0000000084f00000| Untracked 
|  80|0x0000000085000000, 0x0000000085100000, 0x0000000085100000|100%| O|  |TAMS 0x0000000085100000, 0x0000000085000000| Untracked 
|  81|0x0000000085100000, 0x0000000085200000, 0x0000000085200000|100%| O|  |TAMS 0x0000000085200000, 0x0000000085100000| Untracked 
|  82|0x0000000085200000, 0x0000000085300000, 0x0000000085300000|100%| O|  |TAMS 0x0000000085300000, 0x0000000085200000| Untracked 
|  83|0x0000000085300000, 0x0000000085400000, 0x0000000085400000|100%| O|  |TAMS 0x0000000085400000, 0x0000000085300000| Untracked 
|  84|0x0000000085400000, 0x0000000085500000, 0x0000000085500000|100%| O|  |TAMS 0x0000000085500000, 0x0000000085400000| Untracked 
|  85|0x0000000085500000, 0x0000000085600000, 0x0000000085600000|100%| O|  |TAMS 0x0000000085600000, 0x0000000085500000| Untracked 
|  86|0x0000000085600000, 0x0000000085689c00, 0x0000000085700000| 53%| O|  |TAMS 0x0000000085689c00, 0x0000000085600000| Untracked 
|  87|0x0000000085700000, 0x0000000085700000, 0x0000000085800000|  0%| F|  |TAMS 0x0000000085700000, 0x0000000085700000| Untracked 
|  88|0x0000000085800000, 0x0000000085800000, 0x0000000085900000|  0%| F|  |TAMS 0x0000000085800000, 0x0000000085800000| Untracked 
|  89|0x0000000085900000, 0x0000000085900000, 0x0000000085a00000|  0%| F|  |TAMS 0x0000000085900000, 0x0000000085900000| Untracked 
|  90|0x0000000085a00000, 0x0000000085a00000, 0x0000000085b00000|  0%| F|  |TAMS 0x0000000085a00000, 0x0000000085a00000| Untracked 
|  91|0x0000000085b00000, 0x0000000085b00000, 0x0000000085c00000|  0%| F|  |TAMS 0x0000000085b00000, 0x0000000085b00000| Untracked 
|  92|0x0000000085c00000, 0x0000000085c00000, 0x0000000085d00000|  0%| F|  |TAMS 0x0000000085c00000, 0x0000000085c00000| Untracked 
|  93|0x0000000085d00000, 0x0000000085d00000, 0x0000000085e00000|  0%| F|  |TAMS 0x0000000085d00000, 0x0000000085d00000| Untracked 
|  94|0x0000000085e00000, 0x0000000085e00000, 0x0000000085f00000|  0%| F|  |TAMS 0x0000000085e00000, 0x0000000085e00000| Untracked 
|  95|0x0000000085f00000, 0x0000000085f00000, 0x0000000086000000|  0%| F|  |TAMS 0x0000000085f00000, 0x0000000085f00000| Untracked 
|  96|0x0000000086000000, 0x0000000086000000, 0x0000000086100000|  0%| F|  |TAMS 0x0000000086000000, 0x0000000086000000| Untracked 
|  97|0x0000000086100000, 0x0000000086100000, 0x0000000086200000|  0%| F|  |TAMS 0x0000000086100000, 0x0000000086100000| Untracked 
|  98|0x0000000086200000, 0x0000000086200000, 0x0000000086300000|  0%| F|  |TAMS 0x0000000086200000, 0x0000000086200000| Untracked 
|  99|0x0000000086300000, 0x0000000086300000, 0x0000000086400000|  0%| F|  |TAMS 0x0000000086300000, 0x0000000086300000| Untracked 
| 100|0x0000000086400000, 0x0000000086400000, 0x0000000086500000|  0%| F|  |TAMS 0x0000000086400000, 0x0000000086400000| Untracked 
| 101|0x0000000086500000, 0x0000000086500000, 0x0000000086600000|  0%| F|  |TAMS 0x0000000086500000, 0x0000000086500000| Untracked 
| 102|0x0000000086600000, 0x0000000086600000, 0x0000000086700000|  0%| F|  |TAMS 0x0000000086600000, 0x0000000086600000| Untracked 
| 103|0x0000000086700000, 0x0000000086700000, 0x0000000086800000|  0%| F|  |TAMS 0x0000000086700000, 0x0000000086700000| Untracked 
| 104|0x0000000086800000, 0x0000000086800000, 0x0000000086900000|  0%| F|  |TAMS 0x0000000086800000, 0x0000000086800000| Untracked 
| 105|0x0000000086900000, 0x0000000086900000, 0x0000000086a00000|  0%| F|  |TAMS 0x0000000086900000, 0x0000000086900000| Untracked 
| 106|0x0000000086a00000, 0x0000000086a00000, 0x0000000086b00000|  0%| F|  |TAMS 0x0000000086a00000, 0x0000000086a00000| Untracked 
| 107|0x0000000086b00000, 0x0000000086b35c50, 0x0000000086c00000| 21%| S|CS|TAMS 0x0000000086b00000, 0x0000000086b00000| Complete 
| 108|0x0000000086c00000, 0x0000000086c00000, 0x0000000086d00000|  0%| F|  |TAMS 0x0000000086c00000, 0x0000000086c00000| Untracked 
| 109|0x0000000086d00000, 0x0000000086d00000, 0x0000000086e00000|  0%| F|  |TAMS 0x0000000086d00000, 0x0000000086d00000| Untracked 
| 110|0x0000000086e00000, 0x0000000086f00000, 0x0000000086f00000|100%| S|CS|TAMS 0x0000000086e00000, 0x0000000086e00000| Complete 
| 111|0x0000000086f00000, 0x0000000087000000, 0x0000000087000000|100%| S|CS|TAMS 0x0000000086f00000, 0x0000000086f00000| Complete 
| 112|0x0000000087000000, 0x0000000087000000, 0x0000000087100000|  0%| F|  |TAMS 0x0000000087000000, 0x0000000087000000| Untracked 
| 113|0x0000000087100000, 0x0000000087100000, 0x0000000087200000|  0%| F|  |TAMS 0x0000000087100000, 0x0000000087100000| Untracked 
| 114|0x0000000087200000, 0x0000000087200000, 0x0000000087300000|  0%| F|  |TAMS 0x0000000087200000, 0x0000000087200000| Untracked 
| 115|0x0000000087300000, 0x0000000087300000, 0x0000000087400000|  0%| F|  |TAMS 0x0000000087300000, 0x0000000087300000| Untracked 
| 116|0x0000000087400000, 0x0000000087400000, 0x0000000087500000|  0%| F|  |TAMS 0x0000000087400000, 0x0000000087400000| Untracked 
| 117|0x0000000087500000, 0x0000000087500000, 0x0000000087600000|  0%| F|  |TAMS 0x0000000087500000, 0x0000000087500000| Untracked 
| 118|0x0000000087600000, 0x0000000087600000, 0x0000000087700000|  0%| F|  |TAMS 0x0000000087600000, 0x0000000087600000| Untracked 
| 119|0x0000000087700000, 0x0000000087700000, 0x0000000087800000|  0%| F|  |TAMS 0x0000000087700000, 0x0000000087700000| Untracked 
| 120|0x0000000087800000, 0x0000000087800000, 0x0000000087900000|  0%| F|  |TAMS 0x0000000087800000, 0x0000000087800000| Untracked 
| 121|0x0000000087900000, 0x0000000087900000, 0x0000000087a00000|  0%| F|  |TAMS 0x0000000087900000, 0x0000000087900000| Untracked 
| 122|0x0000000087a00000, 0x0000000087a00000, 0x0000000087b00000|  0%| F|  |TAMS 0x0000000087a00000, 0x0000000087a00000| Untracked 
| 123|0x0000000087b00000, 0x0000000087b00000, 0x0000000087c00000|  0%| F|  |TAMS 0x0000000087b00000, 0x0000000087b00000| Untracked 
| 124|0x0000000087c00000, 0x0000000087c00000, 0x0000000087d00000|  0%| F|  |TAMS 0x0000000087c00000, 0x0000000087c00000| Untracked 
| 125|0x0000000087d00000, 0x0000000087d00000, 0x0000000087e00000|  0%| F|  |TAMS 0x0000000087d00000, 0x0000000087d00000| Untracked 
| 126|0x0000000087e00000, 0x0000000087e00000, 0x0000000087f00000|  0%| F|  |TAMS 0x0000000087e00000, 0x0000000087e00000| Untracked 
| 127|0x0000000087f00000, 0x0000000087f00000, 0x0000000088000000|  0%| F|  |TAMS 0x0000000087f00000, 0x0000000087f00000| Untracked 
| 128|0x0000000088000000, 0x0000000088000000, 0x0000000088100000|  0%| F|  |TAMS 0x0000000088000000, 0x0000000088000000| Untracked 
| 129|0x0000000088100000, 0x0000000088152ee8, 0x0000000088200000| 34%| E|  |TAMS 0x0000000088100000, 0x0000000088100000| Complete 
| 130|0x0000000088200000, 0x0000000088300000, 0x0000000088300000|100%| E|CS|TAMS 0x0000000088200000, 0x0000000088200000| Complete 
| 131|0x0000000088300000, 0x0000000088400000, 0x0000000088400000|100%| E|CS|TAMS 0x0000000088300000, 0x0000000088300000| Complete 
| 132|0x0000000088400000, 0x0000000088500000, 0x0000000088500000|100%| E|CS|TAMS 0x0000000088400000, 0x0000000088400000| Complete 
| 133|0x0000000088500000, 0x0000000088600000, 0x0000000088600000|100%| E|CS|TAMS 0x0000000088500000, 0x0000000088500000| Complete 
| 134|0x0000000088600000, 0x0000000088700000, 0x0000000088700000|100%| E|CS|TAMS 0x0000000088600000, 0x0000000088600000| Complete 
| 135|0x0000000088700000, 0x0000000088800000, 0x0000000088800000|100%| E|CS|TAMS 0x0000000088700000, 0x0000000088700000| Complete 
| 136|0x0000000088800000, 0x0000000088900000, 0x0000000088900000|100%| E|CS|TAMS 0x0000000088800000, 0x0000000088800000| Complete 
| 137|0x0000000088900000, 0x0000000088a00000, 0x0000000088a00000|100%| E|CS|TAMS 0x0000000088900000, 0x0000000088900000| Complete 
| 138|0x0000000088a00000, 0x0000000088b00000, 0x0000000088b00000|100%| E|CS|TAMS 0x0000000088a00000, 0x0000000088a00000| Complete 
| 139|0x0000000088b00000, 0x0000000088c00000, 0x0000000088c00000|100%| E|  |TAMS 0x0000000088b00000, 0x0000000088b00000| Complete 
| 140|0x0000000088c00000, 0x0000000088d00000, 0x0000000088d00000|100%| E|CS|TAMS 0x0000000088c00000, 0x0000000088c00000| Complete 
| 141|0x0000000088d00000, 0x0000000088e00000, 0x0000000088e00000|100%| E|CS|TAMS 0x0000000088d00000, 0x0000000088d00000| Complete 
| 142|0x0000000088e00000, 0x0000000088f00000, 0x0000000088f00000|100%| E|CS|TAMS 0x0000000088e00000, 0x0000000088e00000| Complete 
| 143|0x0000000088f00000, 0x0000000089000000, 0x0000000089000000|100%| E|CS|TAMS 0x0000000088f00000, 0x0000000088f00000| Complete 
| 144|0x0000000089000000, 0x0000000089100000, 0x0000000089100000|100%| E|CS|TAMS 0x0000000089000000, 0x0000000089000000| Complete 
| 145|0x0000000089100000, 0x0000000089200000, 0x0000000089200000|100%| E|CS|TAMS 0x0000000089100000, 0x0000000089100000| Complete 
| 146|0x0000000089200000, 0x0000000089300000, 0x0000000089300000|100%| E|CS|TAMS 0x0000000089200000, 0x0000000089200000| Complete 
| 147|0x0000000089300000, 0x0000000089400000, 0x0000000089400000|100%| E|CS|TAMS 0x0000000089300000, 0x0000000089300000| Complete 
| 148|0x0000000089400000, 0x0000000089500000, 0x0000000089500000|100%| E|CS|TAMS 0x0000000089400000, 0x0000000089400000| Complete 
| 149|0x0000000089500000, 0x0000000089600000, 0x0000000089600000|100%| E|CS|TAMS 0x0000000089500000, 0x0000000089500000| Complete 
| 150|0x0000000089600000, 0x0000000089700000, 0x0000000089700000|100%| E|CS|TAMS 0x0000000089600000, 0x0000000089600000| Complete 
| 151|0x0000000089700000, 0x0000000089800000, 0x0000000089800000|100%| E|CS|TAMS 0x0000000089700000, 0x0000000089700000| Complete 
| 152|0x0000000089800000, 0x0000000089900000, 0x0000000089900000|100%| E|CS|TAMS 0x0000000089800000, 0x0000000089800000| Complete 
| 153|0x0000000089900000, 0x0000000089a00000, 0x0000000089a00000|100%| E|CS|TAMS 0x0000000089900000, 0x0000000089900000| Complete 

Card table byte_map: [0x000001c354480000,0x000001c354880000] _byte_map_base: 0x000001c354080000

Marking Bits (Prev, Next): (CMBitMap*) 0x000001c3415af100, (CMBitMap*) 0x000001c3415af0c8
 Prev Bits: [0x000001c356c80000, 0x000001c358c80000)
 Next Bits: [0x000001c354c80000, 0x000001c356c80000)

Polling page: 0x000001c33f2e0000

Metaspace:

Usage:
  Non-class:     92.56 MB capacity,    90.89 MB ( 98%) used,     1.32 MB (  1%) free+waste,   353.06 KB ( <1%) overhead. 
      Class:     14.46 MB capacity,    13.39 MB ( 93%) used,   934.34 KB (  6%) free+waste,   157.94 KB (  1%) overhead. 
       Both:    107.01 MB capacity,   104.28 MB ( 97%) used,     2.24 MB (  2%) free+waste,   511.00 KB ( <1%) overhead. 

Virtual space:
  Non-class space:       94.00 MB reserved,      92.83 MB ( 99%) committed 
      Class space:        1.00 GB reserved,      14.75 MB (  1%) committed 
             Both:        1.09 GB reserved,     107.58 MB ( 10%) committed 

Chunk freelists:
   Non-Class:  213.00 KB
       Class:  206.00 KB
        Both:  419.00 KB

MaxMetaspaceSize: 17179869184.00 GB
CompressedClassSpaceSize: 1.00 GB
Initial GC threshold: 20.80 MB
Current GC threshold: 179.30 MB
CDS: off

CodeHeap 'non-profiled nmethods': size=120064Kb used=6799Kb max_used=6799Kb free=113264Kb
 bounds [0x000001c34cb40000, 0x000001c34d1f0000, 0x000001c354080000]
CodeHeap 'profiled nmethods': size=120000Kb used=32897Kb max_used=32897Kb free=87102Kb
 bounds [0x000001c345610000, 0x000001c347640000, 0x000001c34cb40000]
CodeHeap 'non-nmethods': size=5696Kb used=2405Kb max_used=2444Kb free=3290Kb
 bounds [0x000001c345080000, 0x000001c3452f0000, 0x000001c345610000]
 total_blobs=15224 nmethods=14293 adapters=842
 compilation: enabled
              stopped_count=0, restarted_count=0
 full_count=0

Compilation events (20 events):
Event: 42.678 Thread 0x000001c35b19e000 14383       1       org.gradle.internal.snapshot.SingletonChildMap::isEmpty (2 bytes)
Event: 42.679 Thread 0x000001c35b19e000 nmethod 14383 0x000001c34d1e1f90 code [0x000001c34d1e2140, 0x000001c34d1e21f8]
Event: 42.680 Thread 0x000001c35b19e000 14384 %     3       org.gradle.cache.internal.btree.BTreePersistentIndexedCache$IndexBlock::write @ 23 (87 bytes)
Event: 42.681 Thread 0x000001c35b19e000 nmethod 14384% 0x000001c34760a510 code [0x000001c34760a780, 0x000001c34760afa8]
Event: 42.683 Thread 0x000001c35b19e000 14386       2       org.gradle.internal.execution.history.impl.DefaultBeforeExecutionState::getDetectedOverlappingOutputs (8 bytes)
Event: 42.684 Thread 0x000001c35b19e000 nmethod 14386 0x000001c34760b310 code [0x000001c34760b4e0, 0x000001c34760b768]
Event: 42.689 Thread 0x000001c35b19e000 14387       2       com.android.tools.r8.internal.Lq::<init> (65 bytes)
Event: 42.690 Thread 0x000001c35b19e000 nmethod 14387 0x000001c34760b890 code [0x000001c34760ba60, 0x000001c34760bee8]
Event: 42.690 Thread 0x000001c35b19e000 14388       1       com.android.tools.r8.internal.tR::a (5 bytes)
Event: 42.690 Thread 0x000001c35b19e000 nmethod 14388 0x000001c34d1e2290 code [0x000001c34d1e2440, 0x000001c34d1e24d8]
Event: 42.699 Thread 0x000001c35b19e000 14389       2       org.gradle.internal.snapshot.AbstractInvalidateChildHandler::handleAsDescendantOfChild (7 bytes)
Event: 42.700 Thread 0x000001c35b19e000 nmethod 14389 0x000001c34760c090 code [0x000001c34760c2a0, 0x000001c34760c858]
Event: 42.700 Thread 0x000001c35b19e000 14390       2       org.gradle.internal.snapshot.AbstractInvalidateChildHandler::handleAsDescendantOfChild (35 bytes)
Event: 42.701 Thread 0x000001c35b19e000 nmethod 14390 0x000001c34760cb90 code [0x000001c34760cda0, 0x000001c34760d358]
Event: 42.701 Thread 0x000001c35b19e000 14391       2       org.gradle.internal.snapshot.AbstractIncompleteFileSystemNode$1::handleAsDescendantOfChild (10 bytes)
Event: 42.701 Thread 0x000001c35b19e000 nmethod 14391 0x000001c34760d690 code [0x000001c34760d840, 0x000001c34760d9c8]
Event: 42.705 Thread 0x000001c35b19e000 14392       2       org.gradle.internal.serialize.HashCodeSerializer::write (22 bytes)
Event: 42.706 Thread 0x000001c35b19e000 nmethod 14392 0x000001c34760da90 code [0x000001c34760dc60, 0x000001c34760de68]
Event: 42.706 Thread 0x000001c35b19e000 14393       2       org.gradle.internal.serialize.AbstractEncoder::writeBytes (9 bytes)
Event: 42.706 Thread 0x000001c35b19e000 nmethod 14393 0x000001c34760e010 code [0x000001c34760e1c0, 0x000001c34760e2e8]

GC Heap History (20 events):
Event: 33.920 GC heap before
{Heap before GC invocations=20 (full 0):
 garbage-first heap   total 157696K, used 127205K [0x0000000080000000, 0x0000000100000000)
  region size 1024K, 63 young (64512K), 8 survivors (8192K)
 Metaspace       used 85817K, capacity 87882K, committed 88144K, reserved 1126400K
  class space    used 11127K, capacity 11909K, committed 12032K, reserved 1048576K
}
Event: 33.936 GC heap after
{Heap after GC invocations=21 (full 0):
 garbage-first heap   total 157696K, used 76027K [0x0000000080000000, 0x0000000100000000)
  region size 1024K, 8 young (8192K), 8 survivors (8192K)
 Metaspace       used 85817K, capacity 87882K, committed 88144K, reserved 1126400K
  class space    used 11127K, capacity 11909K, committed 12032K, reserved 1048576K
}
Event: 35.696 GC heap before
{Heap before GC invocations=21 (full 0):
 garbage-first heap   total 157696K, used 128251K [0x0000000080000000, 0x0000000100000000)
  region size 1024K, 60 young (61440K), 8 survivors (8192K)
 Metaspace       used 87840K, capacity 89970K, committed 90064K, reserved 1128448K
  class space    used 11266K, capacity 12072K, committed 12160K, reserved 1048576K
}
Event: 35.711 GC heap after
{Heap after GC invocations=22 (full 0):
 garbage-first heap   total 157696K, used 80053K [0x0000000080000000, 0x0000000100000000)
  region size 1024K, 8 young (8192K), 8 survivors (8192K)
 Metaspace       used 87840K, capacity 89970K, committed 90064K, reserved 1128448K
  class space    used 11266K, capacity 12072K, committed 12160K, reserved 1048576K
}
Event: 36.554 GC heap before
{Heap before GC invocations=22 (full 0):
 garbage-first heap   total 157696K, used 129205K [0x0000000080000000, 0x0000000100000000)
  region size 1024K, 57 young (58368K), 8 survivors (8192K)
 Metaspace       used 90437K, capacity 92545K, committed 92752K, reserved 1130496K
  class space    used 11632K, capacity 12429K, committed 12544K, reserved 1048576K
}
Event: 36.571 GC heap after
{Heap after GC invocations=23 (full 0):
 garbage-first heap   total 157696K, used 82265K [0x0000000080000000, 0x0000000100000000)
  region size 1024K, 6 young (6144K), 6 survivors (6144K)
 Metaspace       used 90437K, capacity 92545K, committed 92752K, reserved 1130496K
  class space    used 11632K, capacity 12429K, committed 12544K, reserved 1048576K
}
Event: 37.323 GC heap before
{Heap before GC invocations=24 (full 0):
 garbage-first heap   total 157696K, used 130393K [0x0000000080000000, 0x0000000100000000)
  region size 1024K, 54 young (55296K), 6 survivors (6144K)
 Metaspace       used 95264K, capacity 97449K, committed 97744K, reserved 1134592K
  class space    used 12252K, capacity 13071K, committed 13184K, reserved 1048576K
}
Event: 37.343 GC heap after
{Heap after GC invocations=25 (full 0):
 garbage-first heap   total 157696K, used 85730K [0x0000000080000000, 0x0000000100000000)
  region size 1024K, 6 young (6144K), 6 survivors (6144K)
 Metaspace       used 95264K, capacity 97449K, committed 97744K, reserved 1134592K
  class space    used 12252K, capacity 13071K, committed 13184K, reserved 1048576K
}
Event: 38.255 GC heap before
{Heap before GC invocations=25 (full 0):
 garbage-first heap   total 157696K, used 130786K [0x0000000080000000, 0x0000000100000000)
  region size 1024K, 51 young (52224K), 6 survivors (6144K)
 Metaspace       used 102194K, capacity 104807K, committed 104912K, reserved 1140736K
  class space    used 13329K, capacity 14382K, committed 14464K, reserved 1048576K
}
Event: 38.275 GC heap after
{Heap after GC invocations=26 (full 0):
 garbage-first heap   total 157696K, used 89041K [0x0000000080000000, 0x0000000100000000)
  region size 1024K, 4 young (4096K), 4 survivors (4096K)
 Metaspace       used 102194K, capacity 104807K, committed 104912K, reserved 1140736K
  class space    used 13329K, capacity 14382K, committed 14464K, reserved 1048576K
}
Event: 39.039 GC heap before
{Heap before GC invocations=27 (full 0):
 garbage-first heap   total 157696K, used 132049K [0x0000000080000000, 0x0000000100000000)
  region size 1024K, 46 young (47104K), 4 survivors (4096K)
 Metaspace       used 104121K, capacity 106865K, committed 107216K, reserved 1142784K
  class space    used 13524K, capacity 14608K, committed 14720K, reserved 1048576K
}
Event: 39.048 GC heap after
{Heap after GC invocations=28 (full 0):
 garbage-first heap   total 157696K, used 89539K [0x0000000080000000, 0x0000000100000000)
  region size 1024K, 1 young (1024K), 1 survivors (1024K)
 Metaspace       used 104121K, capacity 106865K, committed 107216K, reserved 1142784K
  class space    used 13524K, capacity 14608K, committed 14720K, reserved 1048576K
}
Event: 40.200 GC heap before
{Heap before GC invocations=28 (full 0):
 garbage-first heap   total 157696K, used 133571K [0x0000000080000000, 0x0000000100000000)
  region size 1024K, 44 young (45056K), 1 survivors (1024K)
 Metaspace       used 106143K, capacity 109132K, committed 109264K, reserved 1144832K
  class space    used 13766K, capacity 14930K, committed 14976K, reserved 1048576K
}
Event: 40.208 GC heap after
{Heap after GC invocations=29 (full 0):
 garbage-first heap   total 157696K, used 89899K [0x0000000080000000, 0x0000000100000000)
  region size 1024K, 2 young (2048K), 2 survivors (2048K)
 Metaspace       used 106143K, capacity 109132K, committed 109264K, reserved 1144832K
  class space    used 13766K, capacity 14930K, committed 14976K, reserved 1048576K
}
Event: 41.350 GC heap before
{Heap before GC invocations=30 (full 0):
 garbage-first heap   total 157696K, used 133931K [0x0000000080000000, 0x0000000100000000)
  region size 1024K, 45 young (46080K), 2 survivors (2048K)
 Metaspace       used 106268K, capacity 109063K, committed 109776K, reserved 1144832K
  class space    used 13686K, capacity 14756K, committed 14976K, reserved 1048576K
}
Event: 41.357 GC heap after
{Heap after GC invocations=31 (full 0):
 garbage-first heap   total 157696K, used 90210K [0x0000000080000000, 0x0000000100000000)
  region size 1024K, 2 young (2048K), 2 survivors (2048K)
 Metaspace       used 106268K, capacity 109063K, committed 109776K, reserved 1144832K
  class space    used 13686K, capacity 14756K, committed 14976K, reserved 1048576K
}
Event: 42.014 GC heap before
{Heap before GC invocations=31 (full 0):
 garbage-first heap   total 157696K, used 133218K [0x0000000080000000, 0x0000000100000000)
  region size 1024K, 45 young (46080K), 2 survivors (2048K)
 Metaspace       used 106517K, capacity 109328K, committed 109904K, reserved 1144832K
  class space    used 13701K, capacity 14792K, committed 15104K, reserved 1048576K
}
Event: 42.025 GC heap after
{Heap after GC invocations=32 (full 0):
 garbage-first heap   total 157696K, used 91200K [0x0000000080000000, 0x0000000100000000)
  region size 1024K, 3 young (3072K), 3 survivors (3072K)
 Metaspace       used 106517K, capacity 109328K, committed 109904K, reserved 1144832K
  class space    used 13701K, capacity 14792K, committed 15104K, reserved 1048576K
}
Event: 42.567 GC heap before
{Heap before GC invocations=33 (full 0):
 garbage-first heap   total 157696K, used 133184K [0x0000000080000000, 0x0000000100000000)
  region size 1024K, 45 young (46080K), 3 survivors (3072K)
 Metaspace       used 106664K, capacity 109486K, committed 110160K, reserved 1144832K
  class space    used 13707K, capacity 14799K, committed 15104K, reserved 1048576K
}
Event: 42.575 GC heap after
{Heap after GC invocations=34 (full 0):
 garbage-first heap   total 157696K, used 90878K [0x0000000080000000, 0x0000000100000000)
  region size 1024K, 3 young (3072K), 3 survivors (3072K)
 Metaspace       used 106664K, capacity 109486K, committed 110160K, reserved 1144832K
  class space    used 13707K, capacity 14799K, committed 15104K, reserved 1048576K
}

Deoptimization events (20 events):
Event: 41.177 Thread 0x000001c35f957000 DEOPT PACKING pc=0x000001c3471b53cc sp=0x0000005438ef9440
Event: 41.177 Thread 0x000001c35f957000 DEOPT UNPACKING pc=0x000001c3450ca95e sp=0x0000005438ef8a18 mode 0
Event: 41.213 Thread 0x000001c35f957000 Uncommon trap: trap_request=0xffffff7e fr.pc=0x000001c34d1bcff4 relative=0x0000000000004a54
Event: 41.213 Thread 0x000001c35f957000 Uncommon trap: reason=predicate action=maybe_recompile pc=0x000001c34d1bcff4 method=com.android.tools.r8.internal.EM.a(Lcom/android/tools/r8/internal/Nn;Ljava/util/Set;)Z @ 331 c2
Event: 41.213 Thread 0x000001c35f957000 DEOPT PACKING pc=0x000001c34d1bcff4 sp=0x0000005438ef8650
Event: 41.213 Thread 0x000001c35f957000 DEOPT UNPACKING pc=0x000001c3450ca1af sp=0x0000005438ef8698 mode 2
Event: 41.290 Thread 0x000001c35f957000 DEOPT PACKING pc=0x000001c3471737ba sp=0x0000005438ef8ee0
Event: 41.290 Thread 0x000001c35f957000 DEOPT UNPACKING pc=0x000001c3450ca95e sp=0x0000005438ef8468 mode 0
Event: 41.310 Thread 0x000001c35f957000 DEOPT PACKING pc=0x000001c3470c3fb7 sp=0x0000005438ef92f0
Event: 41.310 Thread 0x000001c35f957000 DEOPT UNPACKING pc=0x000001c3450ca95e sp=0x0000005438ef88b0 mode 0
Event: 41.335 Thread 0x000001c35f957000 DEOPT PACKING pc=0x000001c3470f7816 sp=0x0000005438ef8e00
Event: 41.335 Thread 0x000001c35f957000 DEOPT UNPACKING pc=0x000001c3450ca95e sp=0x0000005438ef84a8 mode 0
Event: 41.594 Thread 0x000001c35f957000 Uncommon trap: trap_request=0xffffffe4 fr.pc=0x000001c34d18d0ec relative=0x00000000000002ac
Event: 41.594 Thread 0x000001c35f957000 Uncommon trap: reason=range_check action=make_not_entrant pc=0x000001c34d18d0ec method=com.android.tools.r8.graph.a1.a(Lcom/android/tools/r8/graph/a1;)I @ 26 c2
Event: 41.594 Thread 0x000001c35f957000 DEOPT PACKING pc=0x000001c34d18d0ec sp=0x0000005438efa2e0
Event: 41.594 Thread 0x000001c35f957000 DEOPT UNPACKING pc=0x000001c3450ca1af sp=0x0000005438efa260 mode 2
Event: 41.726 Thread 0x000001c361c7a800 DEOPT PACKING pc=0x000001c347273f87 sp=0x000000543a0f53e0
Event: 41.726 Thread 0x000001c361c7a800 DEOPT UNPACKING pc=0x000001c3450ca95e sp=0x000000543a0f49f0 mode 0
Event: 42.564 Thread 0x000001c361c7a800 DEOPT PACKING pc=0x000001c3470c6ae5 sp=0x000000543a0f5300
Event: 42.564 Thread 0x000001c361c7a800 DEOPT UNPACKING pc=0x000001c3450ca95e sp=0x000000543a0f4888 mode 0

Classes redefined (0 events):
No events

Internal exceptions (20 events):
Event: 40.103 Thread 0x000001c35e1a9800 Exception <a 'sun/nio/fs/WindowsException'{0x00000000871809b0}> (0x00000000871809b0) thrown at [./src/hotspot/share/prims/jni.cpp, line 616]
Event: 40.628 Thread 0x000001c35e1a9800 Exception <a 'sun/nio/fs/WindowsException'{0x0000000088c163a8}> (0x0000000088c163a8) thrown at [./src/hotspot/share/prims/jni.cpp, line 616]
Event: 40.691 Thread 0x000001c361c7a800 Exception <a 'sun/nio/fs/WindowsException'{0x00000000893d1750}> (0x00000000893d1750) thrown at [./src/hotspot/share/prims/jni.cpp, line 616]
Event: 40.832 Thread 0x000001c361c7a800 Exception <a 'sun/nio/fs/WindowsException'{0x000000008845f2a0}> (0x000000008845f2a0) thrown at [./src/hotspot/share/prims/jni.cpp, line 616]
Event: 41.234 Thread 0x000001c35e1a9800 Exception <a 'sun/nio/fs/WindowsException'{0x00000000877668c0}> (0x00000000877668c0) thrown at [./src/hotspot/share/prims/jni.cpp, line 616]
Event: 41.492 Thread 0x000001c361c7a800 Exception <a 'sun/nio/fs/WindowsException'{0x0000000088c08c28}> (0x0000000088c08c28) thrown at [./src/hotspot/share/prims/jni.cpp, line 616]
Event: 41.707 Thread 0x000001c35f957000 Exception <a 'sun/nio/fs/WindowsException'{0x0000000088238bf0}> (0x0000000088238bf0) thrown at [./src/hotspot/share/prims/jni.cpp, line 616]
Event: 41.817 Thread 0x000001c361c7a800 Exception <a 'sun/nio/fs/WindowsException'{0x0000000087a44e58}> (0x0000000087a44e58) thrown at [./src/hotspot/share/prims/jni.cpp, line 616]
Event: 41.851 Thread 0x000001c35e1a9800 Exception <a 'sun/nio/fs/WindowsException'{0x0000000087a933c0}> (0x0000000087a933c0) thrown at [./src/hotspot/share/prims/jni.cpp, line 616]
Event: 41.927 Thread 0x000001c35f957000 Exception <a 'sun/nio/fs/WindowsException'{0x0000000087962e28}> (0x0000000087962e28) thrown at [./src/hotspot/share/prims/jni.cpp, line 616]
Event: 41.979 Thread 0x000001c361c7a800 Exception <a 'sun/nio/fs/WindowsException'{0x0000000087476890}> (0x0000000087476890) thrown at [./src/hotspot/share/prims/jni.cpp, line 616]
Event: 42.059 Thread 0x000001c361c7a800 Exception <a 'sun/nio/fs/WindowsException'{0x00000000893f5cb0}> (0x00000000893f5cb0) thrown at [./src/hotspot/share/prims/jni.cpp, line 616]
Event: 42.110 Thread 0x000001c35e1a9800 Exception <a 'sun/nio/fs/WindowsException'{0x00000000892fedc0}> (0x00000000892fedc0) thrown at [./src/hotspot/share/prims/jni.cpp, line 616]
Event: 42.275 Thread 0x000001c35e1a9800 Exception <a 'sun/nio/fs/WindowsException'{0x0000000088383770}> (0x0000000088383770) thrown at [./src/hotspot/share/prims/jni.cpp, line 616]
Event: 42.440 Thread 0x000001c35e1a9800 Exception <a 'sun/nio/fs/WindowsException'{0x0000000087de34f8}> (0x0000000087de34f8) thrown at [./src/hotspot/share/prims/jni.cpp, line 616]
Event: 42.507 Thread 0x000001c35e1a9800 Exception <a 'sun/nio/fs/WindowsException'{0x00000000878aa990}> (0x00000000878aa990) thrown at [./src/hotspot/share/prims/jni.cpp, line 616]
Event: 42.517 Thread 0x000001c361c7a800 Exception <a 'sun/nio/fs/WindowsException'{0x0000000087b80450}> (0x0000000087b80450) thrown at [./src/hotspot/share/prims/jni.cpp, line 616]
Event: 42.586 Thread 0x000001c361c7a800 Exception <a 'sun/nio/fs/WindowsException'{0x0000000089713ea8}> (0x0000000089713ea8) thrown at [./src/hotspot/share/prims/jni.cpp, line 616]
Event: 42.655 Thread 0x000001c35e1a9800 Exception <a 'sun/nio/fs/WindowsException'{0x0000000089376498}> (0x0000000089376498) thrown at [./src/hotspot/share/prims/jni.cpp, line 616]
Event: 42.669 Thread 0x000001c35e1a9800 Exception <a 'sun/nio/fs/WindowsException'{0x0000000089122330}> (0x0000000089122330) thrown at [./src/hotspot/share/prims/jni.cpp, line 616]

Events (20 events):
Event: 42.216 loading class com/android/tools/r8/code/H0
Event: 42.216 loading class com/android/tools/r8/code/H0 done
Event: 42.216 loading class com/android/tools/r8/code/H0
Event: 42.216 loading class com/android/tools/r8/code/H0 done
Event: 42.245 loading class com/android/tools/r8/internal/QE
Event: 42.245 loading class com/android/tools/r8/internal/QE done
Event: 42.245 loading class com/android/tools/r8/internal/QE
Event: 42.245 loading class com/android/tools/r8/internal/QE done
Event: 42.249 Executing VM operation: CGC_Operation
Event: 42.268 Executing VM operation: CGC_Operation done
Event: 42.385 Executing VM operation: CGC_Operation
Event: 42.386 Executing VM operation: CGC_Operation done
Event: 42.444 loading class com/android/tools/r8/graph/t2
Event: 42.444 loading class com/android/tools/r8/graph/t2 done
Event: 42.476 loading class com/android/tools/r8/graph/q2
Event: 42.476 loading class com/android/tools/r8/graph/q2 done
Event: 42.567 Executing VM operation: G1CollectForAllocation
Event: 42.575 Executing VM operation: G1CollectForAllocation done
Event: 42.661 loading class com/android/tools/r8/internal/f10
Event: 42.661 loading class com/android/tools/r8/internal/f10 done


Dynamic libraries:
0x00007ff67a810000 - 0x00007ff67a81a000 	C:\Program Files\Android\Android Studio\jre\bin\java.exe
0x00007ffa43420000 - 0x00007ffa43610000 	C:\Windows\SYSTEM32\ntdll.dll
0x00007ffa41690000 - 0x00007ffa41742000 	C:\Windows\System32\KERNEL32.DLL
0x00007ffa407d0000 - 0x00007ffa40a73000 	C:\Windows\System32\KERNELBASE.dll
0x00007ffa40580000 - 0x00007ffa4067a000 	C:\Windows\System32\ucrtbase.dll
0x00007ffa3c500000 - 0x00007ffa3c519000 	C:\Program Files\Android\Android Studio\jre\bin\jli.dll
0x00007ffa19eb0000 - 0x00007ffa19ec7000 	C:\Program Files\Android\Android Studio\jre\bin\VCRUNTIME140.dll
0x00007ffa42c40000 - 0x00007ffa42dd4000 	C:\Windows\System32\USER32.dll
0x00007ffa414a0000 - 0x00007ffa414c1000 	C:\Windows\System32\win32u.dll
0x00007ffa415a0000 - 0x00007ffa415c6000 	C:\Windows\System32\GDI32.dll
0x00007ffa403e0000 - 0x00007ffa40574000 	C:\Windows\System32\gdi32full.dll
0x00007ffa412b0000 - 0x00007ffa4134e000 	C:\Windows\System32\msvcp_win.dll
0x00007ffa2b9e0000 - 0x00007ffa2bc65000 	C:\Windows\WinSxS\amd64_microsoft.windows.common-controls_6595b64144ccf1df_6.0.18362.535_none_e6c3b34713100821\COMCTL32.dll
0x00007ffa43260000 - 0x00007ffa432fe000 	C:\Windows\System32\msvcrt.dll
0x00007ffa424f0000 - 0x00007ffa42826000 	C:\Windows\System32\combase.dll
0x00007ffa41870000 - 0x00007ffa41990000 	C:\Windows\System32\RPCRT4.dll
0x00007ffa41370000 - 0x00007ffa413f0000 	C:\Windows\System32\bcryptPrimitives.dll
0x00007ffa414d0000 - 0x00007ffa414fe000 	C:\Windows\System32\IMM32.DLL
0x00007ffa19410000 - 0x00007ffa194ad000 	C:\Program Files\Android\Android Studio\jre\bin\msvcp140.dll
0x00007ff9f0910000 - 0x00007ff9f1412000 	C:\Program Files\Android\Android Studio\jre\bin\server\jvm.dll
0x00007ffa415d0000 - 0x00007ffa41673000 	C:\Windows\System32\ADVAPI32.dll
0x00007ffa41500000 - 0x00007ffa41597000 	C:\Windows\System32\sechost.dll
0x00007ffa42de0000 - 0x00007ffa42de8000 	C:\Windows\System32\PSAPI.DLL
0x00007ffa2d140000 - 0x00007ffa2d149000 	C:\Windows\SYSTEM32\WSOCK32.dll
0x00007ffa3aff0000 - 0x00007ffa3affa000 	C:\Windows\SYSTEM32\VERSION.dll
0x00007ffa3de30000 - 0x00007ffa3de54000 	C:\Windows\SYSTEM32\WINMM.dll
0x00007ffa421f0000 - 0x00007ffa4225f000 	C:\Windows\System32\WS2_32.dll
0x00007ffa3de00000 - 0x00007ffa3de2d000 	C:\Windows\SYSTEM32\winmmbase.dll
0x00007ffa40ae0000 - 0x00007ffa40b2a000 	C:\Windows\System32\cfgmgr32.dll
0x00007ffa40320000 - 0x00007ffa40331000 	C:\Windows\System32\kernel.appcore.dll
0x00007ffa1af10000 - 0x00007ffa1af21000 	C:\Program Files\Android\Android Studio\jre\bin\verify.dll
0x00007ffa3eb60000 - 0x00007ffa3ed54000 	C:\Windows\SYSTEM32\DBGHELP.DLL
0x00007ffa2a190000 - 0x00007ffa2a1ba000 	C:\Windows\SYSTEM32\dbgcore.DLL
0x00007ffa131d0000 - 0x00007ffa131f9000 	C:\Program Files\Android\Android Studio\jre\bin\java.dll
0x00007ffa29740000 - 0x00007ffa2974b000 	C:\Program Files\Android\Android Studio\jre\bin\jimage.dll
0x00007ffa14e40000 - 0x00007ffa14e58000 	C:\Program Files\Android\Android Studio\jre\bin\zip.dll
0x00007ffa41b00000 - 0x00007ffa421e5000 	C:\Windows\System32\SHELL32.dll
0x00007ffa41750000 - 0x00007ffa417f9000 	C:\Windows\System32\shcore.dll
0x00007ffa40b30000 - 0x00007ffa412af000 	C:\Windows\System32\windows.storage.dll
0x00007ffa40340000 - 0x00007ffa4035f000 	C:\Windows\System32\profapi.dll
0x00007ffa40360000 - 0x00007ffa403aa000 	C:\Windows\System32\powrprof.dll
0x00007ffa402f0000 - 0x00007ffa40300000 	C:\Windows\System32\UMPDC.dll
0x00007ffa43300000 - 0x00007ffa43352000 	C:\Windows\System32\shlwapi.dll
0x00007ffa41350000 - 0x00007ffa41367000 	C:\Windows\System32\cryptsp.dll
0x00007ffa14d30000 - 0x00007ffa14d4a000 	C:\Program Files\Android\Android Studio\jre\bin\net.dll
0x00007ffa37760000 - 0x00007ffa37850000 	C:\Windows\SYSTEM32\WINHTTP.dll
0x00007ffa3fb10000 - 0x00007ffa3fb77000 	C:\Windows\system32\mswsock.dll
0x00007ffa148b0000 - 0x00007ffa148c4000 	C:\Program Files\Android\Android Studio\jre\bin\nio.dll
0x00007ffa3b3c0000 - 0x00007ffa3b3e7000 	C:\Users\Asus\.gradle\native\e1d6ef7f7dcc3fd88c89a11ec53ec762bb8ba0a96d01ffa2cd45eb1d1d8dd5c5\windows-amd64\native-platform.dll
0x00007ffa0e0f0000 - 0x00007ffa0e234000 	C:\Users\Asus\.gradle\native\0d407fdbe67a94daf76414ababcb853783967236a71b16ec16e742cd7a986fd3\windows-amd64\native-platform-file-events.dll
0x00007ffa296c0000 - 0x00007ffa296ca000 	C:\Program Files\Android\Android Studio\jre\bin\management.dll
0x00007ffa29320000 - 0x00007ffa2932d000 	C:\Program Files\Android\Android Studio\jre\bin\management_ext.dll
0x00007ffa3f690000 - 0x00007ffa3f6c3000 	C:\Windows\system32\rsaenh.dll
0x00007ffa403b0000 - 0x00007ffa403d6000 	C:\Windows\System32\bcrypt.dll
0x00007ffa40210000 - 0x00007ffa40235000 	C:\Windows\SYSTEM32\USERENV.dll
0x00007ffa3fc90000 - 0x00007ffa3fc9c000 	C:\Windows\SYSTEM32\CRYPTBASE.dll
0x00007ffa3f830000 - 0x00007ffa3f86a000 	C:\Windows\SYSTEM32\IPHLPAPI.DLL
0x00007ffa41680000 - 0x00007ffa41688000 	C:\Windows\System32\NSI.dll
0x00007ffa3a900000 - 0x00007ffa3a916000 	C:\Windows\SYSTEM32\dhcpcsvc6.DLL
0x00007ffa3a8b0000 - 0x00007ffa3a8cc000 	C:\Windows\SYSTEM32\dhcpcsvc.DLL
0x00007ffa3f870000 - 0x00007ffa3f93a000 	C:\Windows\SYSTEM32\DNSAPI.dll

dbghelp: loaded successfully - version: 4.0.5 - missing functions: none
symbol engine: initialized successfully - sym options: 0x614 - pdb path: .;C:\Program Files\Android\Android Studio\jre\bin;C:\Windows\SYSTEM32;C:\Windows\WinSxS\amd64_microsoft.windows.common-controls_6595b64144ccf1df_6.0.18362.535_none_e6c3b34713100821;C:\Program Files\Android\Android Studio\jre\bin\server;C:\Users\Asus\.gradle\native\e1d6ef7f7dcc3fd88c89a11ec53ec762bb8ba0a96d01ffa2cd45eb1d1d8dd5c5\windows-amd64;C:\Users\Asus\.gradle\native\0d407fdbe67a94daf76414ababcb853783967236a71b16ec16e742cd7a986fd3\windows-amd64

VM Arguments:
jvm_args: --add-opens=java.base/java.util=ALL-UNNAMED --add-opens=java.base/java.lang=ALL-UNNAMED --add-opens=java.base/java.lang.invoke=ALL-UNNAMED --add-opens=java.base/java.util=ALL-UNNAMED --add-opens=java.prefs/java.util.prefs=ALL-UNNAMED --add-opens=java.prefs/java.util.prefs=ALL-UNNAMED --add-opens=java.base/java.nio.charset=ALL-UNNAMED --add-opens=java.base/java.net=ALL-UNNAMED --add-opens=java.base/java.util.concurrent.atomic=ALL-UNNAMED -Xmx2048m -Dfile.encoding=UTF-8 -Duser.country=PE -Duser.language=es -Duser.variant 
java_command: org.gradle.launcher.daemon.bootstrap.GradleDaemon 7.4
java_class_path (initial): C:\Users\Asus\.gradle\wrapper\dists\gradle-7.4-bin\c0gwcg53nkjbqw7r0h0umtfvt\gradle-7.4\lib\gradle-launcher-7.4.jar
Launcher Type: SUN_STANDARD

[Global flags]
     intx CICompilerCount                          = 3                                         {product} {ergonomic}
     uint ConcGCThreads                            = 1                                         {product} {ergonomic}
     uint G1ConcRefinementThreads                  = 4                                         {product} {ergonomic}
   size_t G1HeapRegionSize                         = 1048576                                   {product} {ergonomic}
    uintx GCDrainStackTargetSize                   = 64                                        {product} {ergonomic}
   size_t InitialHeapSize                          = 134217728                                 {product} {ergonomic}
   size_t MarkStackSize                            = 4194304                                   {product} {ergonomic}
   size_t MaxHeapSize                              = 2147483648                                {product} {command line}
   size_t MaxNewSize                               = 1287651328                                {product} {ergonomic}
   size_t MinHeapDeltaBytes                        = 1048576                                   {product} {ergonomic}
    uintx NonNMethodCodeHeapSize                   = 5830732                                {pd product} {ergonomic}
    uintx NonProfiledCodeHeapSize                  = 122913754                              {pd product} {ergonomic}
    uintx ProfiledCodeHeapSize                     = 122913754                              {pd product} {ergonomic}
    uintx ReservedCodeCacheSize                    = 251658240                              {pd product} {ergonomic}
     bool SegmentedCodeCache                       = true                                      {product} {ergonomic}
     bool UseCompressedClassPointers               = true                                 {lp64_product} {ergonomic}
     bool UseCompressedOops                        = true                                 {lp64_product} {ergonomic}
     bool UseG1GC                                  = true                                      {product} {ergonomic}
     bool UseLargePagesIndividualAllocation        = false                                  {pd product} {ergonomic}

Logging:
Log output configuration:
 #0: stdout all=warning uptime,level,tags
 #1: stderr all=off uptime,level,tags

Environment Variables:
JAVA_HOME=C:\Program Files\Java\jdk-11.0.15.1\bin
CLASSPATH=D:\Cursos\CUARTO AÑO\Sistemas Distribuidos\Workspace\Chat CORBA\src
PATH=C:\Program Files\Common Files\Oracle\Java\javapath;C:\Program Files (x86)\Common Files\Oracle\Java\javapath;C:\Windows\system32;C:\Windows;C:\Windows\System32\Wbem;C:\Windows\System32\WindowsPowerShell\v1.0\;C:\Windows\System32\OpenSSH\;C:\Program Files\Java\jdk1.8.0_321\bin;C:\Program Files\Java\jdk-11.0.14\bin;C:\Program Files\Git\cmd;C:\Program Files\RabbitMQ Server\rabbitmq_server-3.9.13\sbin;C:\kafka\bin\windows;C:\kafka\config;C:\Program Files\Microsoft SQL Server\150\Tools\Binn\;C:\Program Files\Microsoft SQL Server\Client SDK\ODBC\170\Tools\Binn\;C:\Program Files\dotnet\;C:\Program Files\nodejs\;C:\Users\Asus\AppData\Local\Programs\Python\Python310\Scripts\;C:\Users\Asus\AppData\Local\Programs\Python\Python310\;C:\Program Files\Java\jdk-11.0.15.1\bin;C:\Users\Asus\.dotnet\tools;C:\Users\Asus\AppData\Local\Programs\Microsoft VS Code\bin;C:\Users\Asus\AppData\Roaming\npm
USERNAME=Asus
OS=Windows_NT
PROCESSOR_IDENTIFIER=Intel64 Family 6 Model 142 Stepping 9, GenuineIntel



---------------  S Y S T E M  ---------------

OS: Windows 10 , 64 bit Build 18362 (10.0.18362.329)
OS uptime: 2 days 0:46 hours
Hyper-V role detected

CPU:total 4 (initial active 4) (2 cores per cpu, 2 threads per core) family 6 model 142 stepping 9 microcode 0xb4, cmov, cx8, fxsr, mmx, sse, sse2, sse3, ssse3, sse4.1, sse4.2, popcnt, avx, avx2, aes, clmul, erms, 3dnowpref, lzcnt, ht, tsc, tscinvbit, bmi1, bmi2, adx, fma

Memory: 4k page, system-wide physical 8075M (102M free)
TotalPageFile size 11885M (AvailPageFile size 19M)
current process WorkingSet (physical memory assigned to process): 429M, peak: 431M
current process commit charge ("private bytes"): 474M, peak: 477M

vm_info: OpenJDK 64-Bit Server VM (11.0.13+0-b1751.21-8125866) for windows-amd64 JRE (11.0.13+0-b1751.21-8125866), built on Feb  2 2022 03:00:22 by "builder" with MS VC++ 14.0 (VS2015)

END.
